<?xml version="1.0" encoding="UTF-8" standalone="yes"?>
<testsuites name="cleanMaterials" time="1" tests="1" failures="0" errors="0">
    <testsuite name="cleanMaterials" tests="1" failures="0" errors="0" time="1" timestamp="2019-08-21 14:27:50" hostname="qcq0264 - N19-D267.quick.local" id="Test Suites/VT/cleanMaterials">
        <properties>
            <property name="deviceName" value=""/>
            <property name="devicePlatform" value=""/>
            <property name="logFolder" value="C:\\Users\\qcq0264\\katalon-workspace\\VisualTestingInKatalonStudio\\Reports\\20190821_142743\\VT\\cleanMaterials\\20190821_142743"/>
            <property name="logFiles" value="C:\\Users\\qcq0264\\katalon-workspace\\VisualTestingInKatalonStudio\\Reports\\20190821_142743\\VT\\cleanMaterials\\20190821_142743\\execution0.log"/>
            <property name="attachments" value=""/>
            <property name="hostName" value="qcq0264 - N19-D267.quick.local"/>
            <property name="hostAddress" value="172.19.71.132"/>
            <property name="os" value="Windows 10 64bit"/>
            <property name="katalonVersion" value="6.3.2.4"/>
        </properties>
        <testcase name="Test Cases/VT/cleanMaterials" classname="Test Cases/VT/cleanMaterials" status="PASSED">
            <system-out>2019-08-21 14:27:52 - [TEST_CASE][PASSED] - Test Cases/VT/cleanMaterials: Test Cases/VT/cleanMaterials&#xD;
&#xD;
2019-08-21 14:27:52 - [TEST_STEP][PASSED] - Start listener action : beforeTestCase: VisualTestingListenerImpl#beforeTestCase GlobalVariable.VT_REPORTS_ACCESSOR is located at "C:\Users\qcq0264\katalon-workspace\VisualTestingInKatalonStudio\Reports"&#xD;
&#xD;
2019-08-21 14:27:52 - [TEST_STEP][PASSED] - listener.beforeTestCase(testCaseContext): VisualTestingListenerImpl#beforeTestCase GlobalVariable.VT_REPORTS_ACCESSOR is located at "C:\Users\qcq0264\katalon-workspace\VisualTestingInKatalonStudio\Reports"&#xD;
&#xD;
2019-08-21 14:27:52 - [MESSAGE][INFO] - VisualTestingListenerImpl#beforeTestCase GlobalVariable.VT_CURRENT_TESTSUITE_ID is "Test Suites/VT/cleanMaterials"&#xD;
&#xD;
2019-08-21 14:27:52 - [MESSAGE][INFO] - VisualTestingListenerImpl#beforeTestCase GlobalVariable.VT_CURRENT_TESTSUITE_TIMESTAMP is "20190821_142743"&#xD;
&#xD;
2019-08-21 14:27:52 - [MESSAGE][INFO] - VisualTestingListenerImpl#beforeTestCase GlobalVariable.VT_CURRENT_TESTCASE_ID is "Test Cases/VT/cleanMaterials"&#xD;
&#xD;
2019-08-21 14:27:52 - [MESSAGE][INFO] - VisualTestingListenerImpl#beforeTestCase GlobalVariable.VT_MATERIAL_REPOSITORY is located at "C:\Users\qcq0264\katalon-workspace\VisualTestingInKatalonStudio\Materials"&#xD;
&#xD;
2019-08-21 14:27:52 - [MESSAGE][INFO] - VisualTestingListenerImpl#beforeTestCase GlobalVariable.VT_MATERIAL_STORAGE is located at "C:\Users\qcq0264\katalon-workspace\VisualTestingInKatalonStudio\Storage"&#xD;
&#xD;
2019-08-21 14:27:52 - [MESSAGE][INFO] - VisualTestingListenerImpl#beforeTestCase GlobalVariable.VT_REPORTS_ACCESSOR is located at "C:\Users\qcq0264\katalon-workspace\VisualTestingInKatalonStudio\Reports"&#xD;
&#xD;
2019-08-21 14:27:52 - [TEST_STEP][PASSED] - mr = internal.GlobalVariable[MATERIAL_REPOSITORY.getName()]: null&#xD;
&#xD;
2019-08-21 14:27:52 - [TEST_STEP][PASSED] - assert mr != null: null&#xD;
&#xD;
2019-08-21 14:27:52 - [TEST_STEP][PASSED] - Helpers.deleteDirectoryContents(mr.getBaseDir()): null&#xD;
&#xD;
2019-08-21 14:27:52 - [TEST_STEP][PASSED] - mr.scan(): null</system-out>
            <system-err></system-err>
        </testcase>
        <system-out>2019-08-21 14:27:50 - [TEST_SUITE][INCOMPLETE] - cleanMaterials: null</system-out>
        <system-err>2019-08-21 14:27:50 - [TEST_SUITE][INCOMPLETE] - cleanMaterials: null</system-err>
    </testsuite>
</testsuites>
