<?xml version="1.0" encoding="UTF-8" standalone="yes"?>
<testsuites name="makeIndex" time="2" tests="1" failures="0" errors="0">
    <testsuite name="makeIndex" tests="1" failures="0" errors="0" time="2" timestamp="2019-05-28 11:14:48" hostname="qcq0264 - N19-D267.quick.local" id="Test Suites/VT/makeIndex">
        <properties>
            <property name="deviceName" value=""/>
            <property name="devicePlatform" value=""/>
            <property name="logFolder" value="C:\\Users\\qcq0264\\katalon-workspace\\VisualTestingInKatalonStudio\\Reports\\VT\\makeIndex\\20190528_111336"/>
            <property name="logFiles" value="C:\\Users\\qcq0264\\katalon-workspace\\VisualTestingInKatalonStudio\\Reports\\VT\\makeIndex\\20190528_111336\\execution0.log"/>
            <property name="attachments" value=""/>
            <property name="hostName" value="qcq0264 - N19-D267.quick.local"/>
            <property name="hostAddress" value="172.19.71.132"/>
            <property name="os" value="Windows 10 64bit"/>
            <property name="katalonVersion" value="6.1.5.3"/>
        </properties>
        <testcase name="Test Cases/VT/makeIndex" classname="Test Cases/VT/makeIndex" status="PASSED">
            <system-out>2019-05-28 11:14:49 - [TEST_CASE][PASSED] - Test Cases/VT/makeIndex: Test Cases/VT/makeIndex&#xD;
&#xD;
2019-05-28 11:14:49 - [TEST_STEP][PASSED] - Start listener action : beforeTestCase: VisualTestingListenerImpl#beforeTestCase MATERIAL_STORAGE is "{"MaterialStorage":{"baseDir":"C:\\Users\\qcq0264\\katalon-workspace\\VisualTestingInKatalonStudio\\Storage"}}"&#xD;
&#xD;
2019-05-28 11:14:49 - [TEST_STEP][PASSED] - listener.beforeTestCase(testCaseContext): VisualTestingListenerImpl#beforeTestCase MATERIAL_STORAGE is "{"MaterialStorage":{"baseDir":"C:\\Users\\qcq0264\\katalon-workspace\\VisualTestingInKatalonStudio\\Storage"}}"&#xD;
&#xD;
2019-05-28 11:14:49 - [MESSAGE][INFO] - VisualTestingListenerImpl#beforeTestCase CURRENT_TESTSUITE_ID is "Test Suites/VT/makeIndex"&#xD;
&#xD;
2019-05-28 11:14:49 - [MESSAGE][INFO] - VisualTestingListenerImpl#beforeTestCase CURRENT_TESTSUITE_TIMESTAMP is "20190528_111336"&#xD;
&#xD;
2019-05-28 11:14:49 - [MESSAGE][INFO] - VisualTestingListenerImpl#beforeTestCase CURRENT_TESTCASE_ID is "Test Cases/VT/makeIndex"&#xD;
&#xD;
2019-05-28 11:14:49 - [MESSAGE][INFO] - VisualTestingListenerImpl#beforeTestCase MATERIAL_REPOSITORY is "{"MaterialRepository":{"baseDir":"C:\\Users\\qcq0264\\katalon-workspace\\VisualTestingInKatalonStudio\\Materials","currentTsName":{"id": "Test Suites/VT/makeIndex","abbreviatedId": "VT/makeIndex","value": "VT.makeIndex"},"currentTsTimestamp":{"TSuiteTimestamp":{"timestamp":"20190528_111336"}},"repoRoot":{"RepositoryRoot":{"tSuiteResults":[{"TSuiteResult":{"tSuiteName":{"id": "Test Suites/CURA/twins_capture","abbreviatedId": "CURA/twins_capture","value": "CURA.twins_capture"},"tSuiteTimestamp": "20190528_111333","tSuiteTimestampDir": "C:\\Users\\qcq0264\\katalon-workspace\\VisualTestingInKatalonStudio\\Materials\\CURA.twins_capture\\20190528_111333","lastModified":"2019-05-28T02:14:09.412","length":6130359,"tCaseResults": [{"TCaseResult":{"tCaseName":{"id": "Test Cases/CURA/visitSite","abbreviatedId": "CURA/visitSite","value": "CURA.visitSite"},"tCaseDir":"C:\\Users\\qcq0264\\katalon-workspace\\VisualTestingInKatalonStudio\\Materials\\CURA.twins_capture\\20190528_111333\\CURA.visitSite","lastModified":"2019-05-28T02:14:09.412","length":6130359,"materials":[{"Material":{"url":"null","suffix":"","fileType":{"FileType":{"extension":"png","mimeTypes":["image/png"]}},"path":"C:\\Users\\qcq0264\\katalon-workspace\\VisualTestingInKatalonStudio\\Materials\\CURA.twins_capture\\20190528_111333\\CURA.visitSite\\appointment.php%23summary.png","hrefRelativeToRepositoryRoot":"CURA.twins_capture/20190528_111333/CURA.visitSite/appointment.php%23summary.png","lastModified":"2019-05-28T02:14:06.925","description":"20190528_111333"}},{"Material":{"url":"null","suffix":"","fileType":{"FileType":{"extension":"png","mimeTypes":["image/png"]}},"path":"C:\\Users\\qcq0264\\katalon-workspace\\VisualTestingInKatalonStudio\\Materials\\CURA.twins_capture\\20190528_111333\\CURA.visitSite\\default%23appointment.png","hrefRelativeToRepositoryRoot":"CURA.twins_capture/20190528_111333/CURA.visitSite/default%23appointment.png","lastModified":"2019-05-28T02:14:04.324","description":"20190528_111333"}},{"Material":{"url":"null","suffix":"","fileType":{"FileType":{"extension":"png","mimeTypes":["image/png"]}},"path":"C:\\Users\\qcq0264\\katalon-workspace\\VisualTestingInKatalonStudio\\Materials\\CURA.twins_capture\\20190528_111333\\CURA.visitSite\\home.png","hrefRelativeToRepositoryRoot":"CURA.twins_capture/20190528_111333/CURA.visitSite/home.png","lastModified":"2019-05-28T02:13:57.321","description":"20190528_111333"}},{"Material":{"url":"null","suffix":"","fileType":{"FileType":{"extension":"png","mimeTypes":["image/png"]}},"path":"C:\\Users\\qcq0264\\katalon-workspace\\VisualTestingInKatalonStudio\\Materials\\CURA.twins_capture\\20190528_111333\\CURA.visitSite\\profile.php%23login.png","hrefRelativeToRepositoryRoot":"CURA.twins_capture/20190528_111333/CURA.visitSite/profile.php%23login.png","lastModified":"2019-05-28T02:14:00.483","description":"20190528_111333"}},{"Material":{"url":"null","suffix":"","fileType":{"FileType":{"extension":"png","mimeTypes":["image/png"]}},"path":"C:\\Users\\qcq0264\\katalon-workspace\\VisualTestingInKatalonStudio\\Materials\\CURA.twins_capture\\20190528_111333\\CURA.visitSite\\revisited.png","hrefRelativeToRepositoryRoot":"CURA.twins_capture/20190528_111333/CURA.visitSite/revisited.png","lastModified":"2019-05-28T02:14:09.412","description":"20190528_111333"}}]}}]}},{"TSuiteResult":{"tSuiteName":{"id": "Test Suites/CURA/twins_capture","abbreviatedId": "CURA/twins_capture","value": "CURA.twins_capture"},"tSuiteTimestamp": "20190528_111334","tSuiteTimestampDir": "C:\\Users\\qcq0264\\katalon-workspace\\VisualTestingInKatalonStudio\\Materials\\CURA.twins_capture\\20190528_111334","lastModified":"2019-05-28T02:14:38.013","length":5949570,"tCaseResults": [{"TCaseResult":{"tCaseName":{"id": "Test Cases/CURA/visitSite","abbreviatedId": "CURA/visitSite","value": "CURA.visitSite"},"tCaseDir":"C:\\Users\\qcq0264\\katalon-workspace\\VisualTestingInKatalonStudio\\Materials\\CURA.twins_capture\\20190528_111334\\CURA.visitSite","lastModified":"2019-05-28T02:14:38.013","length":5949570,"materials":[{"Material":{"url":"null","suffix":"","fileType":{"FileType":{"extension":"png","mimeTypes":["image/png"]}},"path":"C:\\Users\\qcq0264\\katalon-workspace\\VisualTestingInKatalonStudio\\Materials\\CURA.twins_capture\\20190528_111334\\CURA.visitSite\\appointment.php%23summary.png","hrefRelativeToRepositoryRoot":"CURA.twins_capture/20190528_111334/CURA.visitSite/appointment.php%23summary.png","lastModified":"2019-05-28T02:14:35.547","description":"20190528_111334"}},{"Material":{"url":"null","suffix":"","fileType":{"FileType":{"extension":"png","mimeTypes":["image/png"]}},"path":"C:\\Users\\qcq0264\\katalon-workspace\\VisualTestingInKatalonStudio\\Materials\\CURA.twins_capture\\20190528_111334\\CURA.visitSite\\default%23appointment.png","hrefRelativeToRepositoryRoot":"CURA.twins_capture/20190528_111334/CURA.visitSite/default%23appointment.png","lastModified":"2019-05-28T02:14:32.915","description":"20190528_111334"}},{"Material":{"url":"null","suffix":"","fileType":{"FileType":{"extension":"png","mimeTypes":["image/png"]}},"path":"C:\\Users\\qcq0264\\katalon-workspace\\VisualTestingInKatalonStudio\\Materials\\CURA.twins_capture\\20190528_111334\\CURA.visitSite\\home.png","hrefRelativeToRepositoryRoot":"CURA.twins_capture/20190528_111334/CURA.visitSite/home.png","lastModified":"2019-05-28T02:14:25.806","description":"20190528_111334"}},{"Material":{"url":"null","suffix":"","fileType":{"FileType":{"extension":"png","mimeTypes":["image/png"]}},"path":"C:\\Users\\qcq0264\\katalon-workspace\\VisualTestingInKatalonStudio\\Materials\\CURA.twins_capture\\20190528_111334\\CURA.visitSite\\profile.php%23login.png","hrefRelativeToRepositoryRoot":"CURA.twins_capture/20190528_111334/CURA.visitSite/profile.php%23login.png","lastModified":"2019-05-28T02:14:29.121","description":"20190528_111334"}},{"Material":{"url":"null","suffix":"","fileType":{"FileType":{"extension":"png","mimeTypes":["image/png"]}},"path":"C:\\Users\\qcq0264\\katalon-workspace\\VisualTestingInKatalonStudio\\Materials\\CURA.twins_capture\\20190528_111334\\CURA.visitSite\\revisited.png","hrefRelativeToRepositoryRoot":"CURA.twins_capture/20190528_111334/CURA.visitSite/revisited.png","lastModified":"2019-05-28T02:14:38.013","description":"20190528_111334"}}]}}]}},{"TSuiteResult":{"tSuiteName":{"id": "Test Suites/CURA/twins_exam","abbreviatedId": "CURA/twins_exam","value": "CURA.twins_exam"},"tSuiteTimestamp": "20190528_111335","tSuiteTimestampDir": "C:\\Users\\qcq0264\\katalon-workspace\\VisualTestingInKatalonStudio\\Materials\\CURA.twins_exam\\20190528_111335","lastModified":"2019-05-28T02:14:45.589","length":5004501,"tCaseResults": [{"TCaseResult":{"tCaseName":{"id": "Test Cases/CURA/ImageDiff_twins","abbreviatedId": "CURA/ImageDiff_twins","value": "CURA.ImageDiff_twins"},"tCaseDir":"C:\\Users\\qcq0264\\katalon-workspace\\VisualTestingInKatalonStudio\\Materials\\CURA.twins_exam\\20190528_111335\\CURA.ImageDiff_twins","lastModified":"2019-05-28T02:14:45.589","length":5004501,"materials":[{"Material":{"url":"null","suffix":"","fileType":{"FileType":{"extension":"json","mimeTypes":["application/json"]}},"path":"C:\\Users\\qcq0264\\katalon-workspace\\VisualTestingInKatalonStudio\\Materials\\CURA.twins_exam\\20190528_111335\\CURA.ImageDiff_twins\\comparison-result-bundle.json","hrefRelativeToRepositoryRoot":"CURA.twins_exam/20190528_111335/CURA.ImageDiff_twins/comparison-result-bundle.json","lastModified":"2019-05-28T02:14:45.589","description":"20190528_111335"}},{"Material":{"url":"null","suffix":"","fileType":{"FileType":{"extension":"png","mimeTypes":["image/png"]}},"path":"C:\\Users\\qcq0264\\katalon-workspace\\VisualTestingInKatalonStudio\\Materials\\CURA.twins_exam\\20190528_111335\\CURA.ImageDiff_twins\\CURA.visitSite\\appointment.php%23summary(0.00).png","hrefRelativeToRepositoryRoot":"CURA.twins_exam/20190528_111335/CURA.ImageDiff_twins/CURA.visitSite/appointment.php%23summary(0.00).png","lastModified":"2019-05-28T02:14:43.920","description":"20190528_111335"}},{"Material":{"url":"null","suffix":"","fileType":{"FileType":{"extension":"png","mimeTypes":["image/png"]}},"path":"C:\\Users\\qcq0264\\katalon-workspace\\VisualTestingInKatalonStudio\\Materials\\CURA.twins_exam\\20190528_111335\\CURA.ImageDiff_twins\\CURA.visitSite\\default%23appointment(0.00).png","hrefRelativeToRepositoryRoot":"CURA.twins_exam/20190528_111335/CURA.ImageDiff_twins/CURA.visitSite/default%23appointment(0.00).png","lastModified":"2019-05-28T02:14:44.194","description":"20190528_111335"}},{"Material":{"url":"null","suffix":"","fileType":{"FileType":{"extension":"png","mimeTypes":["image/png"]}},"path":"C:\\Users\\qcq0264\\katalon-workspace\\VisualTestingInKatalonStudio\\Materials\\CURA.twins_exam\\20190528_111335\\CURA.ImageDiff_twins\\CURA.visitSite\\home(47.87)FAILED.png","hrefRelativeToRepositoryRoot":"CURA.twins_exam/20190528_111335/CURA.ImageDiff_twins/CURA.visitSite/home(47.87)FAILED.png","lastModified":"2019-05-28T02:14:45.118","description":"20190528_111335"}},{"Material":{"url":"null","suffix":"","fileType":{"FileType":{"extension":"png","mimeTypes":["image/png"]}},"path":"C:\\Users\\qcq0264\\katalon-workspace\\VisualTestingInKatalonStudio\\Materials\\CURA.twins_exam\\20190528_111335\\CURA.ImageDiff_twins\\CURA.visitSite\\profile.php%23login(0.00).png","hrefRelativeToRepositoryRoot":"CURA.twins_exam/20190528_111335/CURA.ImageDiff_twins/CURA.visitSite/profile.php%23login(0.00).png","lastModified":"2019-05-28T02:14:45.343","description":"20190528_111335"}},{"Material":{"url":"null","suffix":"","fileType":{"FileType":{"extension":"png","mimeTypes":["image/png"]}},"path":"C:\\Users\\qcq0264\\katalon-workspace\\VisualTestingInKatalonStudio\\Materials\\CURA.twins_exam\\20190528_111335\\CURA.ImageDiff_twins\\CURA.visitSite\\revisited(0.00).png","hrefRelativeToRepositoryRoot":"CURA.twins_exam/20190528_111335/CURA.ImageDiff_twins/CURA.visitSite/revisited(0.00).png","lastModified":"2019-05-28T02:14:45.573","description":"20190528_111335"}}]}}]}},{"TSuiteResult":{"tSuiteName":{"id": "Test Suites/VT/makeIndex","abbreviatedId": "VT/makeIndex","value": "VT.makeIndex"},"tSuiteTimestamp": "20190528_111336","tSuiteTimestampDir": "C:\\Users\\qcq0264\\katalon-workspace\\VisualTestingInKatalonStudio\\Materials\\VT.makeIndex\\20190528_111336","lastModified":"-999999999-01-01T00:00","length":0,"tCaseResults": []}},{"TSuiteResult":{"tSuiteName":{"id": "_","abbreviatedId": "_","value": "_"},"tSuiteTimestamp": "_","tSuiteTimestampDir": "C:\\Users\\qcq0264\\katalon-workspace\\VisualTestingInKatalonStudio\\Materials\\_\\_","lastModified":"-999999999-01-01T00:00","length":0,"tCaseResults": []}}],"baseDir":"C:\\Users\\qcq0264\\katalon-workspace\\VisualTestingInKatalonStudio\\Materials","reportsDir":"C:\\Users\\qcq0264\\katalon-workspace\\VisualTestingInKatalonStudio\\Reports",}}}}"&#xD;
&#xD;
2019-05-28 11:14:49 - [MESSAGE][INFO] - VisualTestingListenerImpl#beforeTestCase MATERIAL_STORAGE is "{"MaterialStorage":{"baseDir":"C:\\Users\\qcq0264\\katalon-workspace\\VisualTestingInKatalonStudio\\Storage"}}"&#xD;
&#xD;
2019-05-28 11:14:49 - [TEST_STEP][PASSED] - mr = internal.GlobalVariable[MATERIAL_REPOSITORY.getName()]: null&#xD;
&#xD;
2019-05-28 11:14:49 - [TEST_STEP][PASSED] - assert mr != null: null&#xD;
&#xD;
2019-05-28 11:14:49 - [TEST_STEP][PASSED] - mr.scan(): null&#xD;
&#xD;
2019-05-28 11:14:49 - [TEST_STEP][PASSED] - index = mr.makeIndex(): null&#xD;
&#xD;
2019-05-28 11:14:50 - [TEST_STEP][PASSED] - comment(&gt;&gt;&gt; $index.toString() is updated): &gt;&gt;&gt; C:\Users\qcq0264\katalon-workspace\VisualTestingInKatalonStudio\Materials\index.html is updated&#xD;
&#xD;
2019-05-28 11:14:50 - [MESSAGE][INFO] - &gt;&gt;&gt; C:\Users\qcq0264\katalon-workspace\VisualTestingInKatalonStudio\Materials\index.html is updated</system-out>
            <system-err></system-err>
        </testcase>
        <system-out>2019-05-28 11:14:48 - [TEST_SUITE][INCOMPLETE] - makeIndex: null</system-out>
        <system-err>2019-05-28 11:14:48 - [TEST_SUITE][INCOMPLETE] - makeIndex: null</system-err>
    </testsuite>
</testsuites>
