<?xml version="1.0" encoding="UTF-8" standalone="yes"?>
<testsuites name="twins_exam" time="3" tests="0" failures="1" errors="0">
    <testsuite name="twins_exam" tests="0" failures="1" errors="0" time="3" timestamp="2019-08-21 14:34:54" hostname="qcq0264 - N19-D267.quick.local" id="Test Suites/CURA/twins_exam">
        <properties>
            <property name="deviceName" value=""/>
            <property name="devicePlatform" value=""/>
            <property name="logFolder" value="C:\\Users\\qcq0264\\katalon-workspace\\VisualTestingInKatalonStudio\\Reports\\20190821_143318\\CURA\\twins_exam\\20190821_143321"/>
            <property name="logFiles" value="C:\\Users\\qcq0264\\katalon-workspace\\VisualTestingInKatalonStudio\\Reports\\20190821_143318\\CURA\\twins_exam\\20190821_143321\\execution0.log"/>
            <property name="attachments" value=""/>
            <property name="hostName" value="qcq0264 - N19-D267.quick.local"/>
            <property name="hostAddress" value="172.19.71.132"/>
            <property name="os" value="Windows 10 64bit"/>
            <property name="katalonVersion" value="6.3.2.4"/>
        </properties>
        <testcase name="Test Cases/CURA/ImageDiff_twins" classname="Test Cases/CURA/ImageDiff_twins" status="FAILED">
            <failure type="FAILED" message="Test Cases/CURA/ImageDiff_twins FAILED.&#xA;Reason:&#xA;com.kms.katalon.core.exception.StepFailedException: One or more pairs of screenshot are different.&#xD;&#xA;&#x9;at com.kms.katalon.core.util.KeywordUtil.markFailed(KeywordUtil.java:19)&#xD;&#xA;&#x9;at com.kms.katalon.core.util.KeywordUtil$markFailed$0.call(Unknown Source)&#xD;&#xA;&#x9;at com.kazurayam.visualtesting.ImageDiffer.runTwins(ImageDiffer.groovy:71)&#xD;&#xA;&#x9;at com.kazurayam.visualtesting.ImageDiffer.invokeMethod(ImageDiffer.groovy)&#xD;&#xA;&#x9;at com.kms.katalon.core.main.CustomKeywordDelegatingMetaClass.invokeStaticMethod(CustomKeywordDelegatingMetaClass.java:50)&#xD;&#xA;&#x9;at ImageDiff_twins.run(ImageDiff_twins:9)&#xD;&#xA;&#x9;at com.kms.katalon.core.main.ScriptEngine.run(ScriptEngine.java:194)&#xD;&#xA;&#x9;at com.kms.katalon.core.main.ScriptEngine.runScriptAsRawText(ScriptEngine.java:119)&#xD;&#xA;&#x9;at com.kms.katalon.core.main.TestCaseExecutor.runScript(TestCaseExecutor.java:337)&#xD;&#xA;&#x9;at com.kms.katalon.core.main.TestCaseExecutor.doExecute(TestCaseExecutor.java:328)&#xD;&#xA;&#x9;at com.kms.katalon.core.main.TestCaseExecutor.processExecutionPhase(TestCaseExecutor.java:307)&#xD;&#xA;&#x9;at com.kms.katalon.core.main.TestCaseExecutor.accessMainPhase(TestCaseExecutor.java:299)&#xD;&#xA;&#x9;at com.kms.katalon.core.main.TestCaseExecutor.execute(TestCaseExecutor.java:233)&#xD;&#xA;&#x9;at com.kms.katalon.core.main.TestSuiteExecutor.accessTestCaseMainPhase(TestSuiteExecutor.java:169)&#xD;&#xA;&#x9;at com.kms.katalon.core.main.TestSuiteExecutor.accessTestSuiteMainPhase(TestSuiteExecutor.java:142)&#xD;&#xA;&#x9;at com.kms.katalon.core.main.TestSuiteExecutor.execute(TestSuiteExecutor.java:91)&#xD;&#xA;&#x9;at com.kms.katalon.core.main.TestCaseMain.startTestSuite(TestCaseMain.java:157)&#xD;&#xA;&#x9;at com.kms.katalon.core.main.TestCaseMain$startTestSuite$0.call(Unknown Source)&#xD;&#xA;&#x9;at TempTestSuite1566365601459.run(TempTestSuite1566365601459.groovy:35)&#xD;&#xA;"/>
            <system-out>2019-08-21 14:34:55 - [TEST_CASE][FAILED] - Test Cases/CURA/ImageDiff_twins: Test Cases/CURA/ImageDiff_twins FAILED.
Reason:
com.kms.katalon.core.exception.StepFailedException: One or more pairs of screenshot are different.&#xD;
	at com.kms.katalon.core.util.KeywordUtil.markFailed(KeywordUtil.java:19)&#xD;
	at com.kms.katalon.core.util.KeywordUtil$markFailed$0.call(Unknown Source)&#xD;
	at com.kazurayam.visualtesting.ImageDiffer.runTwins(ImageDiffer.groovy:71)&#xD;
	at com.kazurayam.visualtesting.ImageDiffer.invokeMethod(ImageDiffer.groovy)&#xD;
	at com.kms.katalon.core.main.CustomKeywordDelegatingMetaClass.invokeStaticMethod(CustomKeywordDelegatingMetaClass.java:50)&#xD;
	at ImageDiff_twins.run(ImageDiff_twins:9)&#xD;
	at com.kms.katalon.core.main.ScriptEngine.run(ScriptEngine.java:194)&#xD;
	at com.kms.katalon.core.main.ScriptEngine.runScriptAsRawText(ScriptEngine.java:119)&#xD;
	at com.kms.katalon.core.main.TestCaseExecutor.runScript(TestCaseExecutor.java:337)&#xD;
	at com.kms.katalon.core.main.TestCaseExecutor.doExecute(TestCaseExecutor.java:328)&#xD;
	at com.kms.katalon.core.main.TestCaseExecutor.processExecutionPhase(TestCaseExecutor.java:307)&#xD;
	at com.kms.katalon.core.main.TestCaseExecutor.accessMainPhase(TestCaseExecutor.java:299)&#xD;
	at com.kms.katalon.core.main.TestCaseExecutor.execute(TestCaseExecutor.java:233)&#xD;
	at com.kms.katalon.core.main.TestSuiteExecutor.accessTestCaseMainPhase(TestSuiteExecutor.java:169)&#xD;
	at com.kms.katalon.core.main.TestSuiteExecutor.accessTestSuiteMainPhase(TestSuiteExecutor.java:142)&#xD;
	at com.kms.katalon.core.main.TestSuiteExecutor.execute(TestSuiteExecutor.java:91)&#xD;
	at com.kms.katalon.core.main.TestCaseMain.startTestSuite(TestCaseMain.java:157)&#xD;
	at com.kms.katalon.core.main.TestCaseMain$startTestSuite$0.call(Unknown Source)&#xD;
	at TempTestSuite1566365601459.run(TempTestSuite1566365601459.groovy:35)&#xD;
&#xD;
&#xD;
2019-08-21 14:34:55 - [TEST_STEP][PASSED] - Start listener action : beforeTestCase: VisualTestingListenerImpl#beforeTestCase GlobalVariable.VT_REPORTS_ACCESSOR is located at "C:\Users\qcq0264\katalon-workspace\VisualTestingInKatalonStudio\Reports"&#xD;
&#xD;
2019-08-21 14:34:55 - [TEST_STEP][PASSED] - listener.beforeTestCase(testCaseContext): VisualTestingListenerImpl#beforeTestCase GlobalVariable.VT_REPORTS_ACCESSOR is located at "C:\Users\qcq0264\katalon-workspace\VisualTestingInKatalonStudio\Reports"&#xD;
&#xD;
2019-08-21 14:34:55 - [MESSAGE][INFO] - VisualTestingListenerImpl#beforeTestCase GlobalVariable.VT_CURRENT_TESTSUITE_ID is "Test Suites/CURA/twins_exam"&#xD;
&#xD;
2019-08-21 14:34:55 - [MESSAGE][INFO] - VisualTestingListenerImpl#beforeTestCase GlobalVariable.VT_CURRENT_TESTSUITE_TIMESTAMP is "20190821_143321"&#xD;
&#xD;
2019-08-21 14:34:55 - [MESSAGE][INFO] - VisualTestingListenerImpl#beforeTestCase GlobalVariable.VT_CURRENT_TESTCASE_ID is "Test Cases/CURA/ImageDiff_twins"&#xD;
&#xD;
2019-08-21 14:34:55 - [MESSAGE][INFO] - VisualTestingListenerImpl#beforeTestCase GlobalVariable.VT_MATERIAL_REPOSITORY is located at "C:\Users\qcq0264\katalon-workspace\VisualTestingInKatalonStudio\Materials"&#xD;
&#xD;
2019-08-21 14:34:55 - [MESSAGE][INFO] - VisualTestingListenerImpl#beforeTestCase GlobalVariable.VT_MATERIAL_STORAGE is located at "C:\Users\qcq0264\katalon-workspace\VisualTestingInKatalonStudio\Storage"&#xD;
&#xD;
2019-08-21 14:34:55 - [MESSAGE][INFO] - VisualTestingListenerImpl#beforeTestCase GlobalVariable.VT_REPORTS_ACCESSOR is located at "C:\Users\qcq0264\katalon-workspace\VisualTestingInKatalonStudio\Reports"&#xD;
&#xD;
2019-08-21 14:34:55 - [TEST_STEP][PASSED] - TESTSUITE_ID = "CURA/twins_capture": null&#xD;
&#xD;
2019-08-21 14:34:55 - [TEST_STEP][PASSED] - criteriaPercentage = 1.0: null&#xD;
&#xD;
2019-08-21 14:34:55 - [TEST_STEP][FAILED] - com.kazurayam.visualtesting.ImageDiffer.runTwins(TESTSUITE_ID, criteriaPercentage): com.kms.katalon.core.exception.StepFailedException: One or more pairs of screenshot are different.&#xD;
&#xD;
2019-08-21 14:34:55 - [MESSAGE][INFO] - &gt;&gt;&gt; diff image files will be saved into C:\Users\qcq0264\katalon-workspace\VisualTestingInKatalonStudio\Materials\CURA.twins_exam\20190821_143321&#xD;
&#xD;
2019-08-21 14:34:56 - [MESSAGE][INFO] - Similar CURA.twins_exam\20190821_143321\CURA.ImageDiff_twins\CURA.visitSite\appointment.php%23summary(0.00).png &#xD;
&#xD;
2019-08-21 14:34:56 - [MESSAGE][INFO] - Similar CURA.twins_exam\20190821_143321\CURA.ImageDiff_twins\CURA.visitSite\default%23appointment(0.00).png &#xD;
&#xD;
2019-08-21 14:34:57 - [MESSAGE][INFO] - Different CURA.twins_exam\20190821_143321\CURA.ImageDiff_twins\CURA.visitSite\home(7.23)FAILED.png &#xD;
&#xD;
2019-08-21 14:34:57 - [MESSAGE][INFO] - &gt;&gt;&gt; diffRatio(7.23) &gt; criteria(1.0) expected(CURA.twins_capture\20190821_143319\CURA.visitSite\home.png) actual(CURA.twins_capture\20190821_143320\CURA.visitSite\home.png)&#xD;
&#xD;
2019-08-21 14:34:57 - [MESSAGE][INFO] - Similar CURA.twins_exam\20190821_143321\CURA.ImageDiff_twins\CURA.visitSite\profile.php%23login(0.00).png &#xD;
&#xD;
2019-08-21 14:34:58 - [MESSAGE][INFO] - Similar CURA.twins_exam\20190821_143321\CURA.ImageDiff_twins\CURA.visitSite\revisited(0.00).png &#xD;
&#xD;
2019-08-21 14:34:58 - [MESSAGE][FAILED] - One or more pairs of screenshot are different.&#xD;
&#xD;
2019-08-21 14:34:58 - [MESSAGE][FAILED] - com.kms.katalon.core.exception.StepFailedException: One or more pairs of screenshot are different.</system-out>
            <system-err>2019-08-21 14:34:55 - [TEST_CASE][FAILED] - Test Cases/CURA/ImageDiff_twins: Test Cases/CURA/ImageDiff_twins FAILED.
Reason:
com.kms.katalon.core.exception.StepFailedException: One or more pairs of screenshot are different.&#xD;
	at com.kms.katalon.core.util.KeywordUtil.markFailed(KeywordUtil.java:19)&#xD;
	at com.kms.katalon.core.util.KeywordUtil$markFailed$0.call(Unknown Source)&#xD;
	at com.kazurayam.visualtesting.ImageDiffer.runTwins(ImageDiffer.groovy:71)&#xD;
	at com.kazurayam.visualtesting.ImageDiffer.invokeMethod(ImageDiffer.groovy)&#xD;
	at com.kms.katalon.core.main.CustomKeywordDelegatingMetaClass.invokeStaticMethod(CustomKeywordDelegatingMetaClass.java:50)&#xD;
	at ImageDiff_twins.run(ImageDiff_twins:9)&#xD;
	at com.kms.katalon.core.main.ScriptEngine.run(ScriptEngine.java:194)&#xD;
	at com.kms.katalon.core.main.ScriptEngine.runScriptAsRawText(ScriptEngine.java:119)&#xD;
	at com.kms.katalon.core.main.TestCaseExecutor.runScript(TestCaseExecutor.java:337)&#xD;
	at com.kms.katalon.core.main.TestCaseExecutor.doExecute(TestCaseExecutor.java:328)&#xD;
	at com.kms.katalon.core.main.TestCaseExecutor.processExecutionPhase(TestCaseExecutor.java:307)&#xD;
	at com.kms.katalon.core.main.TestCaseExecutor.accessMainPhase(TestCaseExecutor.java:299)&#xD;
	at com.kms.katalon.core.main.TestCaseExecutor.execute(TestCaseExecutor.java:233)&#xD;
	at com.kms.katalon.core.main.TestSuiteExecutor.accessTestCaseMainPhase(TestSuiteExecutor.java:169)&#xD;
	at com.kms.katalon.core.main.TestSuiteExecutor.accessTestSuiteMainPhase(TestSuiteExecutor.java:142)&#xD;
	at com.kms.katalon.core.main.TestSuiteExecutor.execute(TestSuiteExecutor.java:91)&#xD;
	at com.kms.katalon.core.main.TestCaseMain.startTestSuite(TestCaseMain.java:157)&#xD;
	at com.kms.katalon.core.main.TestCaseMain$startTestSuite$0.call(Unknown Source)&#xD;
	at TempTestSuite1566365601459.run(TempTestSuite1566365601459.groovy:35)</system-err>
        </testcase>
        <system-out>2019-08-21 14:34:54 - [TEST_SUITE][INCOMPLETE] - twins_exam: null</system-out>
        <system-err>2019-08-21 14:34:54 - [TEST_SUITE][INCOMPLETE] - twins_exam: null</system-err>
    </testsuite>
</testsuites>
