<?xml version="1.0" encoding="UTF-8" standalone="yes"?>
<testsuites name="chronos_exam" time="4" tests="1" failures="0" errors="0">
    <testsuite name="chronos_exam" tests="1" failures="0" errors="0" time="4" timestamp="2019-08-21 14:31:04" hostname="qcq0264 - N19-D267.quick.local" id="Test Suites/CURA/chronos_exam">
        <properties>
            <property name="deviceName" value=""/>
            <property name="devicePlatform" value=""/>
            <property name="logFolder" value="C:\\Users\\qcq0264\\katalon-workspace\\VisualTestingInKatalonStudio\\Reports\\20190821_143010\\CURA\\chronos_exam\\20190821_143012"/>
            <property name="logFiles" value="C:\\Users\\qcq0264\\katalon-workspace\\VisualTestingInKatalonStudio\\Reports\\20190821_143010\\CURA\\chronos_exam\\20190821_143012\\execution0.log"/>
            <property name="attachments" value=""/>
            <property name="hostName" value="qcq0264 - N19-D267.quick.local"/>
            <property name="hostAddress" value="172.19.71.132"/>
            <property name="os" value="Windows 10 64bit"/>
            <property name="katalonVersion" value="6.3.2.4"/>
        </properties>
        <testcase name="Test Cases/CURA/ImageDiff_chronos" classname="Test Cases/CURA/ImageDiff_chronos" status="PASSED">
            <system-out>2019-08-21 14:31:06 - [TEST_CASE][PASSED] - Test Cases/CURA/ImageDiff_chronos: Test Cases/CURA/ImageDiff_chronos&#xD;
&#xD;
2019-08-21 14:31:06 - [TEST_STEP][PASSED] - Start listener action : beforeTestCase: VisualTestingListenerImpl#beforeTestCase GlobalVariable.VT_REPORTS_ACCESSOR is located at "C:\Users\qcq0264\katalon-workspace\VisualTestingInKatalonStudio\Reports"&#xD;
&#xD;
2019-08-21 14:31:06 - [TEST_STEP][PASSED] - listener.beforeTestCase(testCaseContext): VisualTestingListenerImpl#beforeTestCase GlobalVariable.VT_REPORTS_ACCESSOR is located at "C:\Users\qcq0264\katalon-workspace\VisualTestingInKatalonStudio\Reports"&#xD;
&#xD;
2019-08-21 14:31:06 - [MESSAGE][INFO] - VisualTestingListenerImpl#beforeTestCase GlobalVariable.VT_CURRENT_TESTSUITE_ID is "Test Suites/CURA/chronos_exam"&#xD;
&#xD;
2019-08-21 14:31:06 - [MESSAGE][INFO] - VisualTestingListenerImpl#beforeTestCase GlobalVariable.VT_CURRENT_TESTSUITE_TIMESTAMP is "20190821_143012"&#xD;
&#xD;
2019-08-21 14:31:06 - [MESSAGE][INFO] - VisualTestingListenerImpl#beforeTestCase GlobalVariable.VT_CURRENT_TESTCASE_ID is "Test Cases/CURA/ImageDiff_chronos"&#xD;
&#xD;
2019-08-21 14:31:06 - [MESSAGE][INFO] - VisualTestingListenerImpl#beforeTestCase GlobalVariable.VT_MATERIAL_REPOSITORY is located at "C:\Users\qcq0264\katalon-workspace\VisualTestingInKatalonStudio\Materials"&#xD;
&#xD;
2019-08-21 14:31:06 - [MESSAGE][INFO] - VisualTestingListenerImpl#beforeTestCase GlobalVariable.VT_MATERIAL_STORAGE is located at "C:\Users\qcq0264\katalon-workspace\VisualTestingInKatalonStudio\Storage"&#xD;
&#xD;
2019-08-21 14:31:06 - [MESSAGE][INFO] - VisualTestingListenerImpl#beforeTestCase GlobalVariable.VT_REPORTS_ACCESSOR is located at "C:\Users\qcq0264\katalon-workspace\VisualTestingInKatalonStudio\Reports"&#xD;
&#xD;
2019-08-21 14:31:06 - [TEST_STEP][PASSED] - TESTSUITE_ID = "CURA/chronos_capture": null&#xD;
&#xD;
2019-08-21 14:31:06 - [TEST_STEP][PASSED] - options = 0).build(): null&#xD;
&#xD;
2019-08-21 14:31:06 - [TEST_STEP][PASSED] - com.kazurayam.visualtesting.ImageDiffer.runChronos(TESTSUITE_ID, options): com.kazurayam.visualtesting.ImageDiffer.runChronos is PASSED&#xD;
&#xD;
2019-08-21 14:31:06 - [MESSAGE][INFO] - #makeImageDelta took 172 milliseconds for (CURA.chronos_capture\20190821_143011\CURA.visitSite\appointment.php%23summary.png, CURA.chronos_capture\20190821_142744\CURA.visitSite\appointment.php%23summary.png)&#xD;
&#xD;
2019-08-21 14:31:06 - [MESSAGE][INFO] - #makeMaterialStats took 203 milliseconds for {"id": "CURA/chronos_capture","abbreviatedId": "CURA/chronos_capture","value": "CURA.chronos_capture"},CURA.visitSite\appointment.php%23summary.png&#xD;
&#xD;
2019-08-21 14:31:06 - [MESSAGE][INFO] - #makeImageDelta took 88 milliseconds for (CURA.chronos_capture\20190821_143011\CURA.visitSite\default%23appointment.png, CURA.chronos_capture\20190821_142744\CURA.visitSite\default%23appointment.png)&#xD;
&#xD;
2019-08-21 14:31:06 - [MESSAGE][INFO] - #makeMaterialStats took 91 milliseconds for {"id": "CURA/chronos_capture","abbreviatedId": "CURA/chronos_capture","value": "CURA.chronos_capture"},CURA.visitSite\default%23appointment.png&#xD;
&#xD;
2019-08-21 14:31:07 - [MESSAGE][INFO] - #makeImageDelta took 327 milliseconds for (CURA.chronos_capture\20190821_143011\CURA.visitSite\home.png, CURA.chronos_capture\20190821_142744\CURA.visitSite\home.png)&#xD;
&#xD;
2019-08-21 14:31:07 - [MESSAGE][INFO] - #makeMaterialStats took 329 milliseconds for {"id": "CURA/chronos_capture","abbreviatedId": "CURA/chronos_capture","value": "CURA.chronos_capture"},CURA.visitSite\home.png&#xD;
&#xD;
2019-08-21 14:31:07 - [MESSAGE][INFO] - #makeImageDelta took 75 milliseconds for (CURA.chronos_capture\20190821_143011\CURA.visitSite\profile.php%23login.png, CURA.chronos_capture\20190821_142744\CURA.visitSite\profile.php%23login.png)&#xD;
&#xD;
2019-08-21 14:31:07 - [MESSAGE][INFO] - #makeMaterialStats took 77 milliseconds for {"id": "CURA/chronos_capture","abbreviatedId": "CURA/chronos_capture","value": "CURA.chronos_capture"},CURA.visitSite\profile.php%23login.png&#xD;
&#xD;
2019-08-21 14:31:07 - [MESSAGE][INFO] - #makeImageDelta took 106 milliseconds for (CURA.chronos_capture\20190821_143011\CURA.visitSite\revisited.png, CURA.chronos_capture\20190821_142744\CURA.visitSite\revisited.png)&#xD;
&#xD;
2019-08-21 14:31:07 - [MESSAGE][INFO] - #makeMaterialStats took 107 milliseconds for {"id": "CURA/chronos_capture","abbreviatedId": "CURA/chronos_capture","value": "CURA.chronos_capture"},CURA.visitSite\revisited.png&#xD;
&#xD;
2019-08-21 14:31:07 - [MESSAGE][INFO] - #makeStatsEntry took 822 milliseconds for {"id": "CURA/chronos_capture","abbreviatedId": "CURA/chronos_capture","value": "CURA.chronos_capture"}&#xD;
&#xD;
2019-08-21 14:31:07 - [MESSAGE][INFO] - Similar CURA.chronos_exam\20190821_143012\CURA.ImageDiff_chronos\CURA.visitSite\appointment.php%23summary(0.00).png &#xD;
&#xD;
2019-08-21 14:31:08 - [MESSAGE][INFO] - Similar CURA.chronos_exam\20190821_143012\CURA.ImageDiff_chronos\CURA.visitSite\default%23appointment(0.00).png &#xD;
&#xD;
2019-08-21 14:31:08 - [MESSAGE][INFO] - Similar CURA.chronos_exam\20190821_143012\CURA.ImageDiff_chronos\CURA.visitSite\home(0.16).png &#xD;
&#xD;
2019-08-21 14:31:08 - [MESSAGE][INFO] - Similar CURA.chronos_exam\20190821_143012\CURA.ImageDiff_chronos\CURA.visitSite\profile.php%23login(0.00).png &#xD;
&#xD;
2019-08-21 14:31:09 - [MESSAGE][INFO] - Similar CURA.chronos_exam\20190821_143012\CURA.ImageDiff_chronos\CURA.visitSite\revisited(0.00).png &#xD;
&#xD;
2019-08-21 14:31:09 - [MESSAGE][INFO] - comparison-result-bundle.json files will be saved into C:\Users\qcq0264\katalon-workspace\VisualTestingInKatalonStudio\Materials\CURA.chronos_exam\20190821_143012\CURA.ImageDiff_chronos\comparison-result-bundle.json&#xD;
&#xD;
2019-08-21 14:31:09 - [MESSAGE][INFO] - copied into C:\Users\qcq0264\katalon-workspace\VisualTestingInKatalonStudio\Materials\CURA.chronos_exam\20190821_143012\CURA.ImageDiff_chronos\comparison-result-bundle.json&#xD;
&#xD;
2019-08-21 14:31:09 - [MESSAGE][PASSED] - com.kazurayam.visualtesting.ImageDiffer.runChronos is PASSED</system-out>
            <system-err></system-err>
        </testcase>
        <system-out>2019-08-21 14:31:04 - [TEST_SUITE][INCOMPLETE] - chronos_exam: null</system-out>
        <system-err>2019-08-21 14:31:04 - [TEST_SUITE][INCOMPLETE] - chronos_exam: null</system-err>
    </testsuite>
</testsuites>
