<?xml version="1.0" encoding="UTF-8"?>
<testsuites name="makeIndex" time="1" tests="1" failures="0" errors="0">
   <testsuite name="makeIndex" tests="1" failures="0" errors="0" time="1" timestamp="2019-04-04 11:21:28" hostname="qcq0264 - N19-D267.quick.local" id="Test Suites/VT/makeIndex">
      <properties>
         <property name="deviceName" value=""/>
         <property name="devicePlatform" value=""/>
         <property name="logFolder" value="C:\\Users\\qcq0264\\katalon-workspace\\ChronologicalVisualTestingInKatalonStudio\\Reports\\VT\\makeIndex\\20190404_112055"/>
         <property name="logFiles" value="C:\\Users\\qcq0264\\katalon-workspace\\ChronologicalVisualTestingInKatalonStudio\\Reports\\VT\\makeIndex\\20190404_112055\\execution0.log"/>
         <property name="attachments" value=""/>
         <property name="hostName" value="qcq0264 - N19-D267.quick.local"/>
         <property name="hostAddress" value="172.19.71.132"/>
         <property name="os" value="Windows 10 64bit"/>
         <property name="katalonVersion" value="6.1.0.1"/>
      </properties>
      <testcase name="Test Cases/VT/makeIndex" classname="Test Cases/VT/makeIndex" status="PASSED">
         <system-out><![CDATA[2019-04-04 11:21:29 - [TEST_CASE][PASSED] - Test Cases/VT/makeIndex: Test Cases/VT/makeIndex

2019-04-04 11:21:29 - [TEST_STEP][PASSED] - Start listener action : beforeTestCase: VisualTestingListenerImpl#beforeTestCase MATERIAL_STORAGE is "{"MaterialStorage":{"baseDir":"C:\\Users\\qcq0264\\katalon-workspace\\ChronologicalVisualTestingInKatalonStudio\\Storage"}}"

2019-04-04 11:21:29 - [TEST_STEP][PASSED] - comment("VTListener#beforeTestCase() was invoked"): VTListener#beforeTestCase() was invoked

2019-04-04 11:21:29 - [MESSAGE][INFO] - VTListener#beforeTestCase() was invoked

2019-04-04 11:21:29 - [TEST_STEP][PASSED] - listener.beforeTestCase(testCaseContext): VisualTestingListenerImpl#beforeTestCase MATERIAL_STORAGE is "{"MaterialStorage":{"baseDir":"C:\\Users\\qcq0264\\katalon-workspace\\ChronologicalVisualTestingInKatalonStudio\\Storage"}}"

2019-04-04 11:21:29 - [MESSAGE][INFO] - VisualTestingListenerImpl#beforeTestCase CURRENT_TESTSUITE_ID is "Test Suites/VT/makeIndex"

2019-04-04 11:21:29 - [MESSAGE][INFO] - VisualTestingListenerImpl#beforeTestCase CURRENT_TESTSUITE_TIMESTAMP is "20190404_112055"

2019-04-04 11:21:29 - [MESSAGE][INFO] - VisualTestingListenerImpl#beforeTestCase CURRENT_TESTCASE_ID is "Test Cases/VT/makeIndex"

2019-04-04 11:21:29 - [MESSAGE][INFO] - VisualTestingListenerImpl#beforeTestCase MATERIAL_REPOSITORY is "{"MaterialRepository":{"baseDir":"C:\\Users\\qcq0264\\katalon-workspace\\ChronologicalVisualTestingInKatalonStudio\\Materials","currentTsName":{"id": "Test Suites/VT/makeIndex","abbreviatedId": "VT/makeIndex","value": "VT.makeIndex"},"currentTsTimestamp":{"TSuiteTimestamp":{"timestamp":"20190404_112055"}},"repoRoot":{"RepositoryRoot":{"tSuiteResults":[{"TSuiteResult":{"tSuiteName":{"id": "Test Suites/47news/chronos_capture","abbreviatedId": "47news/chronos_capture","value": "47news.chronos_capture"},"tSuiteTimestamp": "20190404_111825","tSuiteTimestampDir": "C:\\Users\\qcq0264\\katalon-workspace\\ChronologicalVisualTestingInKatalonStudio\\Materials\\47news.chronos_capture\\20190404_111825","lastModified":"2019-04-04T02:18:49.147","length":1918629,"tCaseResults": [{"TCaseResult":{"tCaseName":{"id": "Test Cases/47news/visitSite","abbreviatedId": "47news/visitSite","value": "47news.visitSite"},"tCaseDir":"C:\\Users\\qcq0264\\katalon-workspace\\ChronologicalVisualTestingInKatalonStudio\\Materials\\47news.chronos_capture\\20190404_111825\\47news.visitSite","lastModified":"2019-04-04T02:18:49.147","length":1918629,"materials":[{"Material":{"url":"null","suffix":"","fileType":{"FileType":{"extension":"png","mimeTypes":["image/png"]}},"path":"C:\\Users\\qcq0264\\katalon-workspace\\ChronologicalVisualTestingInKatalonStudio\\Materials\\47news.chronos_capture\\20190404_111825\\47news.visitSite\\top.png","lastModified":"2019-04-04T02:18:49.147","description":"20190404_111825"}}]}}]}},{"TSuiteResult":{"tSuiteName":{"id": "Test Suites/47news/chronos_capture","abbreviatedId": "47news/chronos_capture","value": "47news.chronos_capture"},"tSuiteTimestamp": "20190404_111956","tSuiteTimestampDir": "C:\\Users\\qcq0264\\katalon-workspace\\ChronologicalVisualTestingInKatalonStudio\\Materials\\47news.chronos_capture\\20190404_111956","lastModified":"2019-04-04T02:20:18.269","length":1922232,"tCaseResults": [{"TCaseResult":{"tCaseName":{"id": "Test Cases/47news/visitSite","abbreviatedId": "47news/visitSite","value": "47news.visitSite"},"tCaseDir":"C:\\Users\\qcq0264\\katalon-workspace\\ChronologicalVisualTestingInKatalonStudio\\Materials\\47news.chronos_capture\\20190404_111956\\47news.visitSite","lastModified":"2019-04-04T02:20:18.269","length":1922232,"materials":[{"Material":{"url":"null","suffix":"","fileType":{"FileType":{"extension":"png","mimeTypes":["image/png"]}},"path":"C:\\Users\\qcq0264\\katalon-workspace\\ChronologicalVisualTestingInKatalonStudio\\Materials\\47news.chronos_capture\\20190404_111956\\47news.visitSite\\top.png","lastModified":"2019-04-04T02:20:18.269","description":"20190404_111956"}}]}}]}},{"TSuiteResult":{"tSuiteName":{"id": "Test Suites/47news/chronos_capture","abbreviatedId": "47news/chronos_capture","value": "47news.chronos_capture"},"tSuiteTimestamp": "20190404_112053","tSuiteTimestampDir": "C:\\Users\\qcq0264\\katalon-workspace\\ChronologicalVisualTestingInKatalonStudio\\Materials\\47news.chronos_capture\\20190404_112053","lastModified":"2019-04-04T02:21:15.085","length":1912653,"tCaseResults": [{"TCaseResult":{"tCaseName":{"id": "Test Cases/47news/visitSite","abbreviatedId": "47news/visitSite","value": "47news.visitSite"},"tCaseDir":"C:\\Users\\qcq0264\\katalon-workspace\\ChronologicalVisualTestingInKatalonStudio\\Materials\\47news.chronos_capture\\20190404_112053\\47news.visitSite","lastModified":"2019-04-04T02:21:15.085","length":1912653,"materials":[{"Material":{"url":"null","suffix":"","fileType":{"FileType":{"extension":"png","mimeTypes":["image/png"]}},"path":"C:\\Users\\qcq0264\\katalon-workspace\\ChronologicalVisualTestingInKatalonStudio\\Materials\\47news.chronos_capture\\20190404_112053\\47news.visitSite\\top.png","lastModified":"2019-04-04T02:21:15.085","description":"20190404_112053"}}]}}]}},{"TSuiteResult":{"tSuiteName":{"id": "Test Suites/47news/chronos_exam","abbreviatedId": "47news/chronos_exam","value": "47news.chronos_exam"},"tSuiteTimestamp": "20190404_112054","tSuiteTimestampDir": "C:\\Users\\qcq0264\\katalon-workspace\\ChronologicalVisualTestingInKatalonStudio\\Materials\\47news.chronos_exam\\20190404_112054","lastModified":"2019-04-04T02:21:26.309","length":1197184,"tCaseResults": [{"TCaseResult":{"tCaseName":{"id": "Test Cases/47news/ImageDiff","abbreviatedId": "47news/ImageDiff","value": "47news.ImageDiff"},"tCaseDir":"C:\\Users\\qcq0264\\katalon-workspace\\ChronologicalVisualTestingInKatalonStudio\\Materials\\47news.chronos_exam\\20190404_112054\\47news.ImageDiff","lastModified":"2019-04-04T02:21:26.309","length":1197184,"materials":[{"Material":{"url":"null","suffix":"","fileType":{"FileType":{"extension":"png","mimeTypes":["image/png"]}},"path":"C:\\Users\\qcq0264\\katalon-workspace\\ChronologicalVisualTestingInKatalonStudio\\Materials\\47news.chronos_exam\\20190404_112054\\47news.ImageDiff\\47news.visitSite\\top.20190404_111956_default-20190404_112053_default.(16.99).png","lastModified":"2019-04-04T02:21:26.286","description":"20190404_112054"}},{"Material":{"url":"null","suffix":"","fileType":{"FileType":{"extension":"json","mimeTypes":["application/json"]}},"path":"C:\\Users\\qcq0264\\katalon-workspace\\ChronologicalVisualTestingInKatalonStudio\\Materials\\47news.chronos_exam\\20190404_112054\\47news.ImageDiff\\comparison-result-bundle.json","lastModified":"2019-04-04T02:21:26.309","description":"20190404_112054"}},{"Material":{"url":"null","suffix":"","fileType":{"FileType":{"extension":"json","mimeTypes":["application/json"]}},"path":"C:\\Users\\qcq0264\\katalon-workspace\\ChronologicalVisualTestingInKatalonStudio\\Materials\\47news.chronos_exam\\20190404_112054\\47news.ImageDiff\\image-delta-stats.json","lastModified":"2019-04-04T02:21:23.547","description":"20190404_112054"}}]}}]}},{"TSuiteResult":{"tSuiteName":{"id": "Test Suites/VT/makeIndex","abbreviatedId": "VT/makeIndex","value": "VT.makeIndex"},"tSuiteTimestamp": "20190404_112055","tSuiteTimestampDir": "C:\\Users\\qcq0264\\katalon-workspace\\ChronologicalVisualTestingInKatalonStudio\\Materials\\VT.makeIndex\\20190404_112055","lastModified":"-999999999-01-01T00:00","length":0,"tCaseResults": []}},{"TSuiteResult":{"tSuiteName":{"id": "_","abbreviatedId": "_","value": "_"},"tSuiteTimestamp": "_","tSuiteTimestampDir": "C:\\Users\\qcq0264\\katalon-workspace\\ChronologicalVisualTestingInKatalonStudio\\Materials\\_\\_","lastModified":"-999999999-01-01T00:00","length":0,"tCaseResults": []}}],"baseDir":"C:\\Users\\qcq0264\\katalon-workspace\\ChronologicalVisualTestingInKatalonStudio\\Materials","reportsDir":"C:\\Users\\qcq0264\\katalon-workspace\\ChronologicalVisualTestingInKatalonStudio\\Materials\\..\\Reports",}}}}"

2019-04-04 11:21:29 - [MESSAGE][INFO] - VisualTestingListenerImpl#beforeTestCase MATERIAL_STORAGE is "{"MaterialStorage":{"baseDir":"C:\\Users\\qcq0264\\katalon-workspace\\ChronologicalVisualTestingInKatalonStudio\\Storage"}}"

2019-04-04 11:21:29 - [TEST_STEP][PASSED] - mr = internal.GlobalVariable[MATERIAL_REPOSITORY.getName()]: null

2019-04-04 11:21:29 - [TEST_STEP][PASSED] - assert mr != null: null

2019-04-04 11:21:29 - [TEST_STEP][PASSED] - index = mr.makeIndex(): null

2019-04-04 11:21:30 - [TEST_STEP][PASSED] - comment(>>> $index.toString() is updated): >>> C:\Users\qcq0264\katalon-workspace\ChronologicalVisualTestingInKatalonStudio\Materials\index.html is updated

2019-04-04 11:21:30 - [MESSAGE][INFO] - >>> C:\Users\qcq0264\katalon-workspace\ChronologicalVisualTestingInKatalonStudio\Materials\index.html is updated]]></system-out>
         <system-err><![CDATA[]]></system-err>
      </testcase>
      <system-out><![CDATA[2019-04-04 11:21:28 - [TEST_SUITE][PASSED] - makeIndex: Test Cases/VT/makeIndex]]></system-out>
      <system-err><![CDATA[]]></system-err>
   </testsuite>
</testsuites>
