<?xml version="1.0" encoding="UTF-8"?>
<testsuites name="chronos_exam" time="6" tests="1" failures="0" errors="0">
   <testsuite name="chronos_exam" tests="1" failures="0" errors="0" time="6" timestamp="2019-04-04 11:21:20" hostname="qcq0264 - N19-D267.quick.local" id="Test Suites/47news/chronos_exam">
      <properties>
         <property name="deviceName" value=""/>
         <property name="devicePlatform" value=""/>
         <property name="logFolder" value="C:\\Users\\qcq0264\\katalon-workspace\\ChronologicalVisualTestingInKatalonStudio\\Reports\\47news\\chronos_exam\\20190404_112054"/>
         <property name="logFiles" value="C:\\Users\\qcq0264\\katalon-workspace\\ChronologicalVisualTestingInKatalonStudio\\Reports\\47news\\chronos_exam\\20190404_112054\\execution0.log"/>
         <property name="attachments" value=""/>
         <property name="hostName" value="qcq0264 - N19-D267.quick.local"/>
         <property name="hostAddress" value="172.19.71.132"/>
         <property name="os" value="Windows 10 64bit"/>
         <property name="katalonVersion" value="6.1.0.1"/>
      </properties>
      <testcase name="Test Cases/47news/ImageDiff" classname="Test Cases/47news/ImageDiff" status="PASSED">
         <system-out><![CDATA[2019-04-04 11:21:21 - [TEST_CASE][PASSED] - Test Cases/47news/ImageDiff: Test Cases/47news/ImageDiff

2019-04-04 11:21:21 - [TEST_STEP][PASSED] - Start listener action : beforeTestCase: VisualTestingListenerImpl#beforeTestCase MATERIAL_STORAGE is "{"MaterialStorage":{"baseDir":"C:\\Users\\qcq0264\\katalon-workspace\\ChronologicalVisualTestingInKatalonStudio\\Storage"}}"

2019-04-04 11:21:21 - [TEST_STEP][PASSED] - comment("VTListener#beforeTestCase() was invoked"): VTListener#beforeTestCase() was invoked

2019-04-04 11:21:21 - [MESSAGE][INFO] - VTListener#beforeTestCase() was invoked

2019-04-04 11:21:21 - [TEST_STEP][PASSED] - listener.beforeTestCase(testCaseContext): VisualTestingListenerImpl#beforeTestCase MATERIAL_STORAGE is "{"MaterialStorage":{"baseDir":"C:\\Users\\qcq0264\\katalon-workspace\\ChronologicalVisualTestingInKatalonStudio\\Storage"}}"

2019-04-04 11:21:21 - [MESSAGE][INFO] - VisualTestingListenerImpl#beforeTestCase CURRENT_TESTSUITE_ID is "Test Suites/47news/chronos_exam"

2019-04-04 11:21:21 - [MESSAGE][INFO] - VisualTestingListenerImpl#beforeTestCase CURRENT_TESTSUITE_TIMESTAMP is "20190404_112054"

2019-04-04 11:21:21 - [MESSAGE][INFO] - VisualTestingListenerImpl#beforeTestCase CURRENT_TESTCASE_ID is "Test Cases/47news/ImageDiff"

2019-04-04 11:21:21 - [MESSAGE][INFO] - VisualTestingListenerImpl#beforeTestCase MATERIAL_REPOSITORY is "{"MaterialRepository":{"baseDir":"C:\\Users\\qcq0264\\katalon-workspace\\ChronologicalVisualTestingInKatalonStudio\\Materials","currentTsName":{"id": "Test Suites/47news/chronos_exam","abbreviatedId": "47news/chronos_exam","value": "47news.chronos_exam"},"currentTsTimestamp":{"TSuiteTimestamp":{"timestamp":"20190404_112054"}},"repoRoot":{"RepositoryRoot":{"tSuiteResults":[{"TSuiteResult":{"tSuiteName":{"id": "Test Suites/47news/chronos_capture","abbreviatedId": "47news/chronos_capture","value": "47news.chronos_capture"},"tSuiteTimestamp": "20190404_111825","tSuiteTimestampDir": "C:\\Users\\qcq0264\\katalon-workspace\\ChronologicalVisualTestingInKatalonStudio\\Materials\\47news.chronos_capture\\20190404_111825","lastModified":"2019-04-04T02:18:49.147","length":1918629,"tCaseResults": [{"TCaseResult":{"tCaseName":{"id": "Test Cases/47news/visitSite","abbreviatedId": "47news/visitSite","value": "47news.visitSite"},"tCaseDir":"C:\\Users\\qcq0264\\katalon-workspace\\ChronologicalVisualTestingInKatalonStudio\\Materials\\47news.chronos_capture\\20190404_111825\\47news.visitSite","lastModified":"2019-04-04T02:18:49.147","length":1918629,"materials":[{"Material":{"url":"null","suffix":"","fileType":{"FileType":{"extension":"png","mimeTypes":["image/png"]}},"path":"C:\\Users\\qcq0264\\katalon-workspace\\ChronologicalVisualTestingInKatalonStudio\\Materials\\47news.chronos_capture\\20190404_111825\\47news.visitSite\\top.png","lastModified":"2019-04-04T02:18:49.147","description":"20190404_111825"}}]}}]}},{"TSuiteResult":{"tSuiteName":{"id": "Test Suites/47news/chronos_capture","abbreviatedId": "47news/chronos_capture","value": "47news.chronos_capture"},"tSuiteTimestamp": "20190404_111956","tSuiteTimestampDir": "C:\\Users\\qcq0264\\katalon-workspace\\ChronologicalVisualTestingInKatalonStudio\\Materials\\47news.chronos_capture\\20190404_111956","lastModified":"2019-04-04T02:20:18.269","length":1922232,"tCaseResults": [{"TCaseResult":{"tCaseName":{"id": "Test Cases/47news/visitSite","abbreviatedId": "47news/visitSite","value": "47news.visitSite"},"tCaseDir":"C:\\Users\\qcq0264\\katalon-workspace\\ChronologicalVisualTestingInKatalonStudio\\Materials\\47news.chronos_capture\\20190404_111956\\47news.visitSite","lastModified":"2019-04-04T02:20:18.269","length":1922232,"materials":[{"Material":{"url":"null","suffix":"","fileType":{"FileType":{"extension":"png","mimeTypes":["image/png"]}},"path":"C:\\Users\\qcq0264\\katalon-workspace\\ChronologicalVisualTestingInKatalonStudio\\Materials\\47news.chronos_capture\\20190404_111956\\47news.visitSite\\top.png","lastModified":"2019-04-04T02:20:18.269","description":"20190404_111956"}}]}}]}},{"TSuiteResult":{"tSuiteName":{"id": "Test Suites/47news/chronos_capture","abbreviatedId": "47news/chronos_capture","value": "47news.chronos_capture"},"tSuiteTimestamp": "20190404_112053","tSuiteTimestampDir": "C:\\Users\\qcq0264\\katalon-workspace\\ChronologicalVisualTestingInKatalonStudio\\Materials\\47news.chronos_capture\\20190404_112053","lastModified":"2019-04-04T02:21:15.085","length":1912653,"tCaseResults": [{"TCaseResult":{"tCaseName":{"id": "Test Cases/47news/visitSite","abbreviatedId": "47news/visitSite","value": "47news.visitSite"},"tCaseDir":"C:\\Users\\qcq0264\\katalon-workspace\\ChronologicalVisualTestingInKatalonStudio\\Materials\\47news.chronos_capture\\20190404_112053\\47news.visitSite","lastModified":"2019-04-04T02:21:15.085","length":1912653,"materials":[{"Material":{"url":"null","suffix":"","fileType":{"FileType":{"extension":"png","mimeTypes":["image/png"]}},"path":"C:\\Users\\qcq0264\\katalon-workspace\\ChronologicalVisualTestingInKatalonStudio\\Materials\\47news.chronos_capture\\20190404_112053\\47news.visitSite\\top.png","lastModified":"2019-04-04T02:21:15.085","description":"20190404_112053"}}]}}]}},{"TSuiteResult":{"tSuiteName":{"id": "Test Suites/47news/chronos_exam","abbreviatedId": "47news/chronos_exam","value": "47news.chronos_exam"},"tSuiteTimestamp": "20190404_112054","tSuiteTimestampDir": "C:\\Users\\qcq0264\\katalon-workspace\\ChronologicalVisualTestingInKatalonStudio\\Materials\\47news.chronos_exam\\20190404_112054","lastModified":"-999999999-01-01T00:00","length":0,"tCaseResults": []}},{"TSuiteResult":{"tSuiteName":{"id": "_","abbreviatedId": "_","value": "_"},"tSuiteTimestamp": "_","tSuiteTimestampDir": "C:\\Users\\qcq0264\\katalon-workspace\\ChronologicalVisualTestingInKatalonStudio\\Materials\\_\\_","lastModified":"-999999999-01-01T00:00","length":0,"tCaseResults": []}}],"baseDir":"C:\\Users\\qcq0264\\katalon-workspace\\ChronologicalVisualTestingInKatalonStudio\\Materials","reportsDir":"C:\\Users\\qcq0264\\katalon-workspace\\ChronologicalVisualTestingInKatalonStudio\\Materials\\..\\Reports",}}}}"

2019-04-04 11:21:21 - [MESSAGE][INFO] - VisualTestingListenerImpl#beforeTestCase MATERIAL_STORAGE is "{"MaterialStorage":{"baseDir":"C:\\Users\\qcq0264\\katalon-workspace\\ChronologicalVisualTestingInKatalonStudio\\Storage"}}"

2019-04-04 11:21:21 - [TEST_STEP][PASSED] - TESTSUITE_ID = "47news/chronos_capture": null

2019-04-04 11:21:21 - [TEST_STEP][PASSED] - options = 0).build(): null

2019-04-04 11:21:21 - [TEST_STEP][PASSED] - com.kazurayam.visualtesting.ImageDiffer.runChronos(TESTSUITE_ID, options): com.kazurayam.visualtesting.ImageDiffer.runChronos is PASSED

2019-04-04 11:21:23 - [MESSAGE][INFO] - #makeImageDelta took 1422 milliseconds for (47news.chronos_capture\20190404_112053\47news.visitSite\top.png, 47news.chronos_capture\20190404_111956\47news.visitSite\top.png)

2019-04-04 11:21:23 - [MESSAGE][INFO] - #makeMaterialStats took 1451 milliseconds for {"id": "47news/chronos_capture","abbreviatedId": "47news/chronos_capture","value": "47news.chronos_capture"},47news.visitSite\top.png

2019-04-04 11:21:23 - [MESSAGE][INFO] - #makeStatsEntry took 1460 milliseconds for {"id": "47news/chronos_capture","abbreviatedId": "47news/chronos_capture","value": "47news.chronos_capture"}

2019-04-04 11:21:26 - [MESSAGE][INFO] - Similar 47news.chronos_exam\20190404_112054\47news.ImageDiff\47news.visitSite\top.20190404_111956_default-20190404_112053_default.(16.99).png 

2019-04-04 11:21:26 - [MESSAGE][INFO] - comparison-result-bundle.json files will be saved into C:\Users\qcq0264\katalon-workspace\ChronologicalVisualTestingInKatalonStudio\Materials\47news.chronos_exam\20190404_112054\47news.ImageDiff\comparison-result-bundle.json

2019-04-04 11:21:26 - [MESSAGE][INFO] - copied into C:\Users\qcq0264\katalon-workspace\ChronologicalVisualTestingInKatalonStudio\Materials\47news.chronos_exam\20190404_112054\47news.ImageDiff\comparison-result-bundle.json

2019-04-04 11:21:26 - [MESSAGE][PASSED] - com.kazurayam.visualtesting.ImageDiffer.runChronos is PASSED]]></system-out>
         <system-err><![CDATA[]]></system-err>
      </testcase>
      <system-out><![CDATA[2019-04-04 11:21:20 - [TEST_SUITE][PASSED] - chronos_exam: Test Cases/47news/ImageDiff]]></system-out>
      <system-err><![CDATA[]]></system-err>
   </testsuite>
</testsuites>
