<?xml version="1.0" encoding="UTF-8" standalone="yes"?>
<testsuites name="chronos_capture" time="38" tests="3" failures="0" errors="0">
    <testsuite name="chronos_capture" tests="3" failures="0" errors="0" time="38" timestamp="2019-08-21 14:30:22" hostname="qcq0264 - N19-D267.quick.local" id="Test Suites/CURA/chronos_capture">
        <properties>
            <property name="deviceName" value=""/>
            <property name="devicePlatform" value=""/>
            <property name="logFolder" value="C:\\Users\\qcq0264\\katalon-workspace\\VisualTestingInKatalonStudio\\Reports\\20190821_143010\\CURA\\chronos_capture\\20190821_143011"/>
            <property name="logFiles" value="C:\\Users\\qcq0264\\katalon-workspace\\VisualTestingInKatalonStudio\\Reports\\20190821_143010\\CURA\\chronos_capture\\20190821_143011\\execution0.log"/>
            <property name="attachments" value=""/>
            <property name="hostName" value="qcq0264 - N19-D267.quick.local"/>
            <property name="os" value="Windows 10 64bit"/>
            <property name="katalonVersion" value="6.3.2.4"/>
            <property name="browser" value="Firefox 68.0"/>
            <property name="hostAddress" value="172.19.71.132"/>
            <property name="sessionId" value="cc7b53bb-3a74-4999-8108-db6fdc3be15e"/>
            <property name="seleniumVersion" value="3.141.59"/>
            <property name="proxyInformation" value="ProxyInformation{proxyOption=MANUAL_CONFIG, proxyServerType=HTTP, password=, proxyServerAddress=172.24.2.10, proxyServerPort=8080}"/>
            <property name="platform" value="Windows 10"/>
        </properties>
        <testcase name="Test Cases/CURA/restorePreviousScreenshots" classname="Test Cases/CURA/restorePreviousScreenshots" status="PASSED">
            <system-out>2019-08-21 14:30:23 - [TEST_CASE][PASSED] - Test Cases/CURA/restorePreviousScreenshots: Test Cases/CURA/restorePreviousScreenshots&#xD;
&#xD;
2019-08-21 14:30:23 - [TEST_STEP][PASSED] - Start listener action : beforeTestCase: VisualTestingListenerImpl#beforeTestCase GlobalVariable.VT_REPORTS_ACCESSOR is located at "C:\Users\qcq0264\katalon-workspace\VisualTestingInKatalonStudio\Reports"&#xD;
&#xD;
2019-08-21 14:30:23 - [TEST_STEP][PASSED] - listener.beforeTestCase(testCaseContext): VisualTestingListenerImpl#beforeTestCase GlobalVariable.VT_REPORTS_ACCESSOR is located at "C:\Users\qcq0264\katalon-workspace\VisualTestingInKatalonStudio\Reports"&#xD;
&#xD;
2019-08-21 14:30:23 - [MESSAGE][INFO] - VisualTestingListenerImpl#beforeTestCase GlobalVariable.VT_CURRENT_TESTSUITE_ID is "Test Suites/CURA/chronos_capture"&#xD;
&#xD;
2019-08-21 14:30:23 - [MESSAGE][INFO] - VisualTestingListenerImpl#beforeTestCase GlobalVariable.VT_CURRENT_TESTSUITE_TIMESTAMP is "20190821_143011"&#xD;
&#xD;
2019-08-21 14:30:23 - [MESSAGE][INFO] - VisualTestingListenerImpl#beforeTestCase GlobalVariable.VT_CURRENT_TESTCASE_ID is "Test Cases/CURA/restorePreviousScreenshots"&#xD;
&#xD;
2019-08-21 14:30:23 - [MESSAGE][INFO] - VisualTestingListenerImpl#beforeTestCase GlobalVariable.VT_MATERIAL_REPOSITORY is located at "C:\Users\qcq0264\katalon-workspace\VisualTestingInKatalonStudio\Materials"&#xD;
&#xD;
2019-08-21 14:30:23 - [MESSAGE][INFO] - VisualTestingListenerImpl#beforeTestCase GlobalVariable.VT_MATERIAL_STORAGE is located at "C:\Users\qcq0264\katalon-workspace\VisualTestingInKatalonStudio\Storage"&#xD;
&#xD;
2019-08-21 14:30:23 - [MESSAGE][INFO] - VisualTestingListenerImpl#beforeTestCase GlobalVariable.VT_REPORTS_ACCESSOR is located at "C:\Users\qcq0264\katalon-workspace\VisualTestingInKatalonStudio\Reports"&#xD;
&#xD;
2019-08-21 14:30:23 - [TEST_STEP][PASSED] - callTestCase(findTestCase("Test Cases/VT/restorePreviousTSuiteResult"), ["STRATEGY":"last"]): Call Test Case 'Test Cases/VT/restorePreviousTSuiteResult' successfully&#xD;
&#xD;
2019-08-21 14:30:23 - [TEST_CASE][PASSED] - Test Cases/VT/restorePreviousTSuiteResult: Test Cases/VT/restorePreviousTSuiteResult&#xD;
&#xD;
2019-08-21 14:30:24 - [TEST_STEP][PASSED] - mr = internal.GlobalVariable[MATERIAL_REPOSITORY.getName()]: null&#xD;
&#xD;
2019-08-21 14:30:24 - [TEST_STEP][PASSED] - comment(MaterialRepository#getBaseDir()=$mr.getBaseDir()): MaterialRepository#getBaseDir()=C:\Users\qcq0264\katalon-workspace\VisualTestingInKatalonStudio\Materials&#xD;
&#xD;
2019-08-21 14:30:24 - [MESSAGE][INFO] - MaterialRepository#getBaseDir()=C:\Users\qcq0264\katalon-workspace\VisualTestingInKatalonStudio\Materials&#xD;
&#xD;
2019-08-21 14:30:24 - [TEST_STEP][PASSED] - comment(currentTSuiteId is $mr.getCurrentTestSuiteId()): currentTSuiteId is Test Suites/CURA/chronos_capture&#xD;
&#xD;
2019-08-21 14:30:24 - [MESSAGE][INFO] - currentTSuiteId is Test Suites/CURA/chronos_capture&#xD;
&#xD;
2019-08-21 14:30:24 - [TEST_STEP][PASSED] - comment(currentTSuiteTimestamp is $mr.getCurrentTestSuiteTimestamp()): currentTSuiteTimestamp is 20190821_143011&#xD;
&#xD;
2019-08-21 14:30:24 - [MESSAGE][INFO] - currentTSuiteTimestamp is 20190821_143011&#xD;
&#xD;
2019-08-21 14:30:24 - [TEST_STEP][PASSED] - tsn = new com.kazurayam.materials.TSuiteName(mr.getCurrentTestSuiteId()): null&#xD;
&#xD;
2019-08-21 14:30:24 - [TEST_STEP][PASSED] - tst = new com.kazurayam.materials.TSuiteTimestamp(mr.getCurrentTestSuiteTimestamp()): null&#xD;
&#xD;
2019-08-21 14:30:24 - [TEST_STEP][PASSED] - ms = internal.GlobalVariable[MATERIAL_STORAGE.getName()]: null&#xD;
&#xD;
2019-08-21 14:30:24 - [TEST_STEP][PASSED] - comment(MaterialStorage#getBaseDir()=$ms.getBaseDir()): MaterialStorage#getBaseDir()=C:\Users\qcq0264\katalon-workspace\VisualTestingInKatalonStudio\Storage&#xD;
&#xD;
2019-08-21 14:30:24 - [MESSAGE][INFO] - MaterialStorage#getBaseDir()=C:\Users\qcq0264\katalon-workspace\VisualTestingInKatalonStudio\Storage&#xD;
&#xD;
2019-08-21 14:30:24 - [TEST_STEP][PASSED] - restoreResult = null: null&#xD;
&#xD;
2019-08-21 14:30:24 - [TEST_STEP][PASSED] - try: copied 6 files of CURA/chronos_capture/20190821_142744 from C:\Users\qcq0264\katalon-workspace\VisualTestingInKatalonStudio\Storage into C:\Users\qcq0264\katalon-workspace\VisualTestingInKatalonStudio\Materials&#xD;
&#xD;
2019-08-21 14:30:24 - [TEST_STEP][PASSED] - switch (STRATEGY): null&#xD;
&#xD;
2019-08-21 14:30:24 - [TEST_STEP][PASSED] - case "last":: null&#xD;
&#xD;
2019-08-21 14:30:24 - [TEST_STEP][PASSED] - restoreResult = ms.restoreUnary(mr, tsn, RetrievalBy.before(tst)): null&#xD;
&#xD;
2019-08-21 14:30:24 - [TEST_STEP][PASSED] - comment(STRATEGY:last tst=$tst): STRATEGY:last tst={"TSuiteTimestamp":{"timestamp":"20190821_143011"}}&#xD;
&#xD;
2019-08-21 14:30:24 - [MESSAGE][INFO] - STRATEGY:last tst={"TSuiteTimestamp":{"timestamp":"20190821_143011"}}&#xD;
&#xD;
2019-08-21 14:30:24 - [TEST_STEP][PASSED] - comment(STRATEGY:last restoreResult.getTSuiteResult().getTSuiteName()=$restoreResult.getTSuiteResult().getTSuiteName()): STRATEGY:last restoreResult.getTSuiteResult().getTSuiteName()={"id": "Test Suites/CURA/chronos_capture","abbreviatedId": "CURA/chronos_capture","value": "CURA.chronos_capture"}&#xD;
&#xD;
2019-08-21 14:30:24 - [MESSAGE][INFO] - STRATEGY:last restoreResult.getTSuiteResult().getTSuiteName()={"id": "Test Suites/CURA/chronos_capture","abbreviatedId": "CURA/chronos_capture","value": "CURA.chronos_capture"}&#xD;
&#xD;
2019-08-21 14:30:24 - [TEST_STEP][PASSED] - comment(STRATEGY:last restoreResult.getTSuiteResult().getTSuiteTimestamp()=$restoreResult.getTSuiteResult().getTSuiteTimestamp()): STRATEGY:last restoreResult.getTSuiteResult().getTSuiteTimestamp()={"TSuiteTimestamp":{"timestamp":"20190821_142744"}}&#xD;
&#xD;
2019-08-21 14:30:24 - [MESSAGE][INFO] - STRATEGY:last restoreResult.getTSuiteResult().getTSuiteTimestamp()={"TSuiteTimestamp":{"timestamp":"20190821_142744"}}&#xD;
&#xD;
2019-08-21 14:30:24 - [TEST_STEP][PASSED] - comment(STRATEGY:last restoreResult.getCount()=$restoreResult.getCount()): STRATEGY:last restoreResult.getCount()=6&#xD;
&#xD;
2019-08-21 14:30:24 - [MESSAGE][INFO] - STRATEGY:last restoreResult.getCount()=6&#xD;
&#xD;
2019-08-21 14:30:24 - [TEST_STEP][PASSED] - break: null&#xD;
&#xD;
2019-08-21 14:30:24 - [TEST_STEP][PASSED] - if (restoreResult != NULL): copied 6 files of CURA/chronos_capture/20190821_142744 from C:\Users\qcq0264\katalon-workspace\VisualTestingInKatalonStudio\Storage into C:\Users\qcq0264\katalon-workspace\VisualTestingInKatalonStudio\Materials&#xD;
&#xD;
2019-08-21 14:30:24 - [TEST_STEP][PASSED] - tSuiteName = getTSuiteName().getAbbreviatedId(): null&#xD;
&#xD;
2019-08-21 14:30:24 - [TEST_STEP][PASSED] - tSuiteTimestamp = getTSuiteTimestamp().format(): null&#xD;
&#xD;
2019-08-21 14:30:24 - [TEST_STEP][PASSED] - comment(copied $restoreResult.getCount() files +  of $tSuiteName/$tSuiteTimestamp +  from $ms.getBaseDir().toString() +  into $mr.getBaseDir().toString()): copied 6 files of CURA/chronos_capture/20190821_142744 from C:\Users\qcq0264\katalon-workspace\VisualTestingInKatalonStudio\Storage into C:\Users\qcq0264\katalon-workspace\VisualTestingInKatalonStudio\Materials&#xD;
&#xD;
2019-08-21 14:30:24 - [MESSAGE][INFO] - copied 6 files of CURA/chronos_capture/20190821_142744 from C:\Users\qcq0264\katalon-workspace\VisualTestingInKatalonStudio\Storage into C:\Users\qcq0264\katalon-workspace\VisualTestingInKatalonStudio\Materials&#xD;
&#xD;
2019-08-21 14:30:24 - [MESSAGE][PASSED] - Call Test Case 'Test Cases/VT/restorePreviousTSuiteResult' successfully</system-out>
            <system-err></system-err>
        </testcase>
        <testcase name="Test Cases/CURA/visitSite" classname="Test Cases/CURA/visitSite" status="PASSED">
            <system-out>2019-08-21 14:30:24 - [TEST_CASE][PASSED] - Test Cases/CURA/visitSite: Test Cases/CURA/visitSite&#xD;
&#xD;
2019-08-21 14:30:24 - [TEST_STEP][PASSED] - Start listener action : beforeTestCase: VisualTestingListenerImpl#beforeTestCase GlobalVariable.VT_REPORTS_ACCESSOR is located at "C:\Users\qcq0264\katalon-workspace\VisualTestingInKatalonStudio\Reports"&#xD;
&#xD;
2019-08-21 14:30:24 - [TEST_STEP][PASSED] - listener.beforeTestCase(testCaseContext): VisualTestingListenerImpl#beforeTestCase GlobalVariable.VT_REPORTS_ACCESSOR is located at "C:\Users\qcq0264\katalon-workspace\VisualTestingInKatalonStudio\Reports"&#xD;
&#xD;
2019-08-21 14:30:24 - [MESSAGE][INFO] - VisualTestingListenerImpl#beforeTestCase GlobalVariable.VT_CURRENT_TESTSUITE_ID is "Test Suites/CURA/chronos_capture"&#xD;
&#xD;
2019-08-21 14:30:24 - [MESSAGE][INFO] - VisualTestingListenerImpl#beforeTestCase GlobalVariable.VT_CURRENT_TESTSUITE_TIMESTAMP is "20190821_143011"&#xD;
&#xD;
2019-08-21 14:30:24 - [MESSAGE][INFO] - VisualTestingListenerImpl#beforeTestCase GlobalVariable.VT_CURRENT_TESTCASE_ID is "Test Cases/CURA/visitSite"&#xD;
&#xD;
2019-08-21 14:30:24 - [MESSAGE][INFO] - VisualTestingListenerImpl#beforeTestCase GlobalVariable.VT_MATERIAL_REPOSITORY is located at "C:\Users\qcq0264\katalon-workspace\VisualTestingInKatalonStudio\Materials"&#xD;
&#xD;
2019-08-21 14:30:24 - [MESSAGE][INFO] - VisualTestingListenerImpl#beforeTestCase GlobalVariable.VT_MATERIAL_STORAGE is located at "C:\Users\qcq0264\katalon-workspace\VisualTestingInKatalonStudio\Storage"&#xD;
&#xD;
2019-08-21 14:30:24 - [MESSAGE][INFO] - VisualTestingListenerImpl#beforeTestCase GlobalVariable.VT_REPORTS_ACCESSOR is located at "C:\Users\qcq0264\katalon-workspace\VisualTestingInKatalonStudio\Reports"&#xD;
&#xD;
2019-08-21 14:30:24 - [TEST_STEP][PASSED] - comment(*** GlobalVariable[$MGV.CURRENT_TESTSUITE_ID.getName()]=$GlobalVariable[MGV.CURRENT_TESTSUITE_ID.getName()]): *** GlobalVariable[VT_CURRENT_TESTSUITE_ID]=Test Suites/CURA/chronos_capture&#xD;
&#xD;
2019-08-21 14:30:24 - [MESSAGE][INFO] - *** GlobalVariable[VT_CURRENT_TESTSUITE_ID]=Test Suites/CURA/chronos_capture&#xD;
&#xD;
2019-08-21 14:30:24 - [TEST_STEP][PASSED] - comment(*** GlobalVariable[$MGV.CURRENT_TESTSUITE_TIMESTAMP.getName()]=$GlobalVariable[MGV.CURRENT_TESTSUITE_TIMESTAMP.getName()]): *** GlobalVariable[VT_CURRENT_TESTSUITE_TIMESTAMP]=20190821_143011&#xD;
&#xD;
2019-08-21 14:30:24 - [MESSAGE][INFO] - *** GlobalVariable[VT_CURRENT_TESTSUITE_TIMESTAMP]=20190821_143011&#xD;
&#xD;
2019-08-21 14:30:24 - [TEST_STEP][PASSED] - mr = internal.GlobalVariable[MATERIAL_REPOSITORY.getName()]: null&#xD;
&#xD;
2019-08-21 14:30:24 - [TEST_STEP][PASSED] - assert mr != null: null&#xD;
&#xD;
2019-08-21 14:30:24 - [TEST_STEP][PASSED] - openBrowser(""): Browser is opened with url: ''&#xD;
&#xD;
2019-08-21 14:30:25 - [MESSAGE][INFO] - Starting 'Firefox' driver&#xD;
&#xD;
2019-08-21 14:30:25 - [MESSAGE][INFO] - Action delay is set to 0 seconds&#xD;
&#xD;
2019-08-21 14:30:32 - [MESSAGE][PASSED] - Browser is opened with url: ''&#xD;
&#xD;
2019-08-21 14:30:32 - [TEST_STEP][PASSED] - setViewPortSize(1024, 768): Viewport is set to new size with width = 1024 and height = 768&#xD;
&#xD;
2019-08-21 14:30:32 - [MESSAGE][PASSED] - Viewport is set to new size with width = 1024 and height = 768&#xD;
&#xD;
2019-08-21 14:30:32 - [TEST_STEP][PASSED] - driver = getWebDriver(): null&#xD;
&#xD;
2019-08-21 14:30:32 - [TEST_STEP][PASSED] - assert Hostname != null: null&#xD;
&#xD;
2019-08-21 14:30:32 - [TEST_STEP][PASSED] - url = new java.net.URL(http://$GlobalVariable.Hostname/): null&#xD;
&#xD;
2019-08-21 14:30:32 - [TEST_STEP][PASSED] - navigateToUrl(url.toExternalForm()): Navigate to 'http://demoaut-mimic.kazurayam.com/' successfully&#xD;
&#xD;
2019-08-21 14:30:34 - [MESSAGE][PASSED] - Navigate to 'http://demoaut-mimic.kazurayam.com/' successfully&#xD;
&#xD;
2019-08-21 14:30:34 - [TEST_STEP][PASSED] - verifyElementPresent(findTestObject("CURA/Page_Homepage/a_Make Appointment"), 10, STOP_ON_FAILURE): Object 'Object Repository/CURA/Page_Homepage/a_Make Appointment' is present&#xD;
&#xD;
2019-08-21 14:30:35 - [MESSAGE][PASSED] - Object 'Object Repository/CURA/Page_Homepage/a_Make Appointment' is present&#xD;
&#xD;
2019-08-21 14:30:35 - [TEST_STEP][PASSED] - delay(1): Delayed 1 second(s)&#xD;
&#xD;
2019-08-21 14:30:36 - [MESSAGE][PASSED] - Delayed 1 second(s)&#xD;
&#xD;
2019-08-21 14:30:36 - [TEST_STEP][PASSED] - png1 = mr.resolveScreenshotPathByURLPathComponents(internal.GlobalVariable[CURRENT_TESTCASE_ID.getName()], url, 0, "home"): null&#xD;
&#xD;
2019-08-21 14:30:36 - [TEST_STEP][PASSED] - com.kazurayam.ksbackyard.ScreenshotDriver.takeEntirePage(driver, png1.toFile(), 500): com.kazurayam.ksbackyard.ScreenshotDriver.takeEntirePage is PASSED&#xD;
&#xD;
2019-08-21 14:30:39 - [MESSAGE][PASSED] - com.kazurayam.ksbackyard.ScreenshotDriver.takeEntirePage is PASSED&#xD;
&#xD;
2019-08-21 14:30:39 - [TEST_STEP][PASSED] - comment(saved image into $png1): saved image into C:\Users\qcq0264\katalon-workspace\VisualTestingInKatalonStudio\Materials\CURA.chronos_capture\20190821_143011\CURA.visitSite\home.png&#xD;
&#xD;
2019-08-21 14:30:39 - [MESSAGE][INFO] - saved image into C:\Users\qcq0264\katalon-workspace\VisualTestingInKatalonStudio\Materials\CURA.chronos_capture\20190821_143011\CURA.visitSite\home.png&#xD;
&#xD;
2019-08-21 14:30:39 - [TEST_STEP][PASSED] - callTestCase(findTestCase("CURA/Login"), ["Username":Username, "Password":Password], STOP_ON_FAILURE): Call Test Case 'Test Cases/CURA/Login' successfully&#xD;
&#xD;
2019-08-21 14:30:39 - [TEST_CASE][PASSED] - Test Cases/CURA/Login: Test Cases/CURA/Login&#xD;
&#xD;
2019-08-21 14:30:39 - [TEST_STEP][PASSED] - mr = internal.GlobalVariable[MATERIAL_REPOSITORY.getName()]: null&#xD;
&#xD;
2019-08-21 14:30:39 - [TEST_STEP][PASSED] - assert mr != null: null&#xD;
&#xD;
2019-08-21 14:30:39 - [TEST_STEP][PASSED] - driver = getWebDriver(): null&#xD;
&#xD;
2019-08-21 14:30:39 - [TEST_STEP][PASSED] - click(findTestObject("CURA/Page_Homepage/a_Make Appointment")): Object: 'Object Repository/CURA/Page_Homepage/a_Make Appointment' is clicked on&#xD;
&#xD;
2019-08-21 14:30:41 - [MESSAGE][PASSED] - Object: 'Object Repository/CURA/Page_Homepage/a_Make Appointment' is clicked on&#xD;
&#xD;
2019-08-21 14:30:41 - [TEST_STEP][PASSED] - verifyElementPresent(findTestObject("CURA/Page_Login/button_Login"), 10, STOP_ON_FAILURE): Object 'Object Repository/CURA/Page_Login/button_Login' is present&#xD;
&#xD;
2019-08-21 14:30:41 - [MESSAGE][PASSED] - Object 'Object Repository/CURA/Page_Login/button_Login' is present&#xD;
&#xD;
2019-08-21 14:30:41 - [TEST_STEP][PASSED] - setText(findTestObject("CURA/Page_Login/input_username"), Username): Text 'John Doe' is set on object 'Object Repository/CURA/Page_Login/input_username'&#xD;
&#xD;
2019-08-21 14:30:41 - [MESSAGE][PASSED] - Text 'John Doe' is set on object 'Object Repository/CURA/Page_Login/input_username'&#xD;
&#xD;
2019-08-21 14:30:41 - [TEST_STEP][PASSED] - setText(findTestObject("CURA/Page_Login/input_password"), Password): Text 'ThisIsNotAPassword' is set on object 'Object Repository/CURA/Page_Login/input_password'&#xD;
&#xD;
2019-08-21 14:30:41 - [MESSAGE][PASSED] - Text 'ThisIsNotAPassword' is set on object 'Object Repository/CURA/Page_Login/input_password'&#xD;
&#xD;
2019-08-21 14:30:41 - [TEST_STEP][PASSED] - png2 = mr.resolveScreenshotPathByURLPathComponents(internal.GlobalVariable[CURRENT_TESTCASE_ID.getName()], new java.net.URL(com.kms.katalon.core.webui.keyword.WebUiBuiltInKeywords.getUrl()), 0, "top.png"): Current window's url is: 'https://katalon-demo-cura.herokuapp.com/profile.php#login'&#xD;
&#xD;
2019-08-21 14:30:41 - [MESSAGE][PASSED] - Current window's url is: 'https://katalon-demo-cura.herokuapp.com/profile.php#login'&#xD;
&#xD;
2019-08-21 14:30:41 - [TEST_STEP][PASSED] - com.kazurayam.ksbackyard.ScreenshotDriver.takeEntirePage(driver, png2.toFile(), 500): com.kazurayam.ksbackyard.ScreenshotDriver.takeEntirePage is PASSED&#xD;
&#xD;
2019-08-21 14:30:44 - [MESSAGE][PASSED] - com.kazurayam.ksbackyard.ScreenshotDriver.takeEntirePage is PASSED&#xD;
&#xD;
2019-08-21 14:30:44 - [TEST_STEP][PASSED] - click(findTestObject("CURA/Page_Login/button_Login")): Object: 'Object Repository/CURA/Page_Login/button_Login' is clicked on&#xD;
&#xD;
2019-08-21 14:30:45 - [MESSAGE][PASSED] - Object: 'Object Repository/CURA/Page_Login/button_Login' is clicked on&#xD;
&#xD;
2019-08-21 14:30:45 - [TEST_STEP][PASSED] - verifyElementPresent(findTestObject("CURA/Page_Appointment/button_Book Appointment"), 10, STOP_ON_FAILURE): Object 'Object Repository/CURA/Page_Appointment/button_Book Appointment' is present&#xD;
&#xD;
2019-08-21 14:30:45 - [MESSAGE][PASSED] - Object 'Object Repository/CURA/Page_Appointment/button_Book Appointment' is present&#xD;
&#xD;
2019-08-21 14:30:45 - [MESSAGE][PASSED] - Call Test Case 'Test Cases/CURA/Login' successfully&#xD;
&#xD;
2019-08-21 14:30:45 - [TEST_STEP][PASSED] - selectOptionByValue(findTestObject("CURA/Page_Appointment/select_Tokyo CURA Healthcare C"), "Hongkong CURA Healthcare Center", true): All options with value 'Hongkong CURA Healthcare Center' are selected in object 'Object Repository/CURA/Page_Appointment/select_Tokyo CURA Healthcare C'  using regular expression&#xD;
&#xD;
2019-08-21 14:30:46 - [MESSAGE][PASSED] - All options with value 'Hongkong CURA Healthcare Center' are selected in object 'Object Repository/CURA/Page_Appointment/select_Tokyo CURA Healthcare C'  using regular expression&#xD;
&#xD;
2019-08-21 14:30:46 - [TEST_STEP][PASSED] - click(findTestObject("CURA/Page_Appointment/input_hospital_readmission")): Object: 'Object Repository/CURA/Page_Appointment/input_hospital_readmission' is clicked on&#xD;
&#xD;
2019-08-21 14:30:46 - [MESSAGE][PASSED] - Object: 'Object Repository/CURA/Page_Appointment/input_hospital_readmission' is clicked on&#xD;
&#xD;
2019-08-21 14:30:46 - [TEST_STEP][PASSED] - click(findTestObject("CURA/Page_Appointment/input_programs")): Object: 'Object Repository/CURA/Page_Appointment/input_programs' is clicked on&#xD;
&#xD;
2019-08-21 14:30:47 - [MESSAGE][PASSED] - Object: 'Object Repository/CURA/Page_Appointment/input_programs' is clicked on&#xD;
&#xD;
2019-08-21 14:30:47 - [TEST_STEP][PASSED] - visitDate = now().plusWeeks(1): null&#xD;
&#xD;
2019-08-21 14:30:47 - [TEST_STEP][PASSED] - visitDateStr = ofPattern("dd/MM/yyyy").format(visitDate): null&#xD;
&#xD;
2019-08-21 14:30:47 - [TEST_STEP][PASSED] - setText(findTestObject("CURA/Page_Appointment/input_visit_date"), visitDateStr): Text '28/08/2019' is set on object 'Object Repository/CURA/Page_Appointment/input_visit_date'&#xD;
&#xD;
2019-08-21 14:30:47 - [MESSAGE][PASSED] - Text '28/08/2019' is set on object 'Object Repository/CURA/Page_Appointment/input_visit_date'&#xD;
&#xD;
2019-08-21 14:30:47 - [TEST_STEP][PASSED] - sendKeys(findTestObject("CURA/Page_Appointment/input_visit_date"), Keys.chord(ENTER)): Keys 'ENTER + ' sent to object: 'Object Repository/CURA/Page_Appointment/input_visit_date'&#xD;
&#xD;
2019-08-21 14:30:47 - [MESSAGE][PASSED] - Keys 'ENTER + ' sent to object: 'Object Repository/CURA/Page_Appointment/input_visit_date'&#xD;
&#xD;
2019-08-21 14:30:47 - [TEST_STEP][PASSED] - setText(findTestObject("CURA/Page_Appointment/textarea_comment"), "This is a comment"): Text 'This is a comment' is set on object 'Object Repository/CURA/Page_Appointment/textarea_comment'&#xD;
&#xD;
2019-08-21 14:30:47 - [MESSAGE][PASSED] - Text 'This is a comment' is set on object 'Object Repository/CURA/Page_Appointment/textarea_comment'&#xD;
&#xD;
2019-08-21 14:30:47 - [TEST_STEP][PASSED] - png3 = mr.resolveScreenshotPathByURLPathComponents(internal.GlobalVariable[CURRENT_TESTCASE_ID.getName()], new java.net.URL(com.kms.katalon.core.webui.keyword.WebUiBuiltInKeywords.getUrl()), 0): Current window's url is: 'https://katalon-demo-cura.herokuapp.com/#appointment'&#xD;
&#xD;
2019-08-21 14:30:47 - [MESSAGE][PASSED] - Current window's url is: 'https://katalon-demo-cura.herokuapp.com/#appointment'&#xD;
&#xD;
2019-08-21 14:30:47 - [TEST_STEP][PASSED] - com.kazurayam.ksbackyard.ScreenshotDriver.takeEntirePage(driver, png3.toFile(), 500): com.kazurayam.ksbackyard.ScreenshotDriver.takeEntirePage is PASSED&#xD;
&#xD;
2019-08-21 14:30:50 - [MESSAGE][PASSED] - com.kazurayam.ksbackyard.ScreenshotDriver.takeEntirePage is PASSED&#xD;
&#xD;
2019-08-21 14:30:50 - [TEST_STEP][PASSED] - comment(saved image into $png3): saved image into C:\Users\qcq0264\katalon-workspace\VisualTestingInKatalonStudio\Materials\CURA.chronos_capture\20190821_143011\CURA.visitSite\default%23appointment.png&#xD;
&#xD;
2019-08-21 14:30:50 - [MESSAGE][INFO] - saved image into C:\Users\qcq0264\katalon-workspace\VisualTestingInKatalonStudio\Materials\CURA.chronos_capture\20190821_143011\CURA.visitSite\default%23appointment.png&#xD;
&#xD;
2019-08-21 14:30:50 - [TEST_STEP][PASSED] - click(findTestObject("CURA/Page_Appointment/button_Book Appointment")): Object: 'Object Repository/CURA/Page_Appointment/button_Book Appointment' is clicked on&#xD;
&#xD;
2019-08-21 14:30:51 - [MESSAGE][PASSED] - Object: 'Object Repository/CURA/Page_Appointment/button_Book Appointment' is clicked on&#xD;
&#xD;
2019-08-21 14:30:51 - [TEST_STEP][PASSED] - verifyElementPresent(findTestObject("CURA/Page_AppointmentConfirmation/a_Go to Homepage"), 10, STOP_ON_FAILURE): Object 'Object Repository/CURA/Page_AppointmentConfirmation/a_Go to Homepage' is present&#xD;
&#xD;
2019-08-21 14:30:51 - [MESSAGE][PASSED] - Object 'Object Repository/CURA/Page_AppointmentConfirmation/a_Go to Homepage' is present&#xD;
&#xD;
2019-08-21 14:30:51 - [TEST_STEP][PASSED] - facility = getText(findTestObject("CURA/Page_AppointmentConfirmation/p_facility")): Text of object 'Object Repository/CURA/Page_AppointmentConfirmation/p_facility' is: 'Hongkong CURA Healthcare Center'&#xD;
&#xD;
2019-08-21 14:30:51 - [MESSAGE][PASSED] - Text of object 'Object Repository/CURA/Page_AppointmentConfirmation/p_facility' is: 'Hongkong CURA Healthcare Center'&#xD;
&#xD;
2019-08-21 14:30:51 - [TEST_STEP][PASSED] - verifyMatch(facility, "^(Tokyo|Hongkong|Seoul) CURA Healthcare Center$", true): Actual text 'Hongkong CURA Healthcare Center' and expected text '^(Tokyo|Hongkong|Seoul) CURA Healthcare Center$' are matched  using regular expression&#xD;
&#xD;
2019-08-21 14:30:51 - [MESSAGE][PASSED] - Actual text 'Hongkong CURA Healthcare Center' and expected text '^(Tokyo|Hongkong|Seoul) CURA Healthcare Center$' are matched  using regular expression&#xD;
&#xD;
2019-08-21 14:30:51 - [TEST_STEP][PASSED] - readmission = getText(findTestObject("CURA/Page_AppointmentConfirmation/p_hospital_readmission")): Text of object 'Object Repository/CURA/Page_AppointmentConfirmation/p_hospital_readmission' is: 'Yes'&#xD;
&#xD;
2019-08-21 14:30:51 - [MESSAGE][PASSED] - Text of object 'Object Repository/CURA/Page_AppointmentConfirmation/p_hospital_readmission' is: 'Yes'&#xD;
&#xD;
2019-08-21 14:30:51 - [TEST_STEP][PASSED] - verifyMatch(readmission, "(Yes|No)", true): Actual text 'Yes' and expected text '(Yes|No)' are matched  using regular expression&#xD;
&#xD;
2019-08-21 14:30:51 - [MESSAGE][PASSED] - Actual text 'Yes' and expected text '(Yes|No)' are matched  using regular expression&#xD;
&#xD;
2019-08-21 14:30:51 - [TEST_STEP][PASSED] - program = getText(findTestObject("CURA/Page_AppointmentConfirmation/p_program")): Text of object 'Object Repository/CURA/Page_AppointmentConfirmation/p_program' is: 'Medicaid'&#xD;
&#xD;
2019-08-21 14:30:51 - [MESSAGE][PASSED] - Text of object 'Object Repository/CURA/Page_AppointmentConfirmation/p_program' is: 'Medicaid'&#xD;
&#xD;
2019-08-21 14:30:51 - [TEST_STEP][PASSED] - verifyMatch(program, "(Medicare|Medicaid|None)", true): Actual text 'Medicaid' and expected text '(Medicare|Medicaid|None)' are matched  using regular expression&#xD;
&#xD;
2019-08-21 14:30:51 - [MESSAGE][PASSED] - Actual text 'Medicaid' and expected text '(Medicare|Medicaid|None)' are matched  using regular expression&#xD;
&#xD;
2019-08-21 14:30:51 - [TEST_STEP][PASSED] - visitDateStr2 = getText(findTestObject("CURA/Page_AppointmentConfirmation/p_visit_date")): Text of object 'Object Repository/CURA/Page_AppointmentConfirmation/p_visit_date' is: '28/08/2019'&#xD;
&#xD;
2019-08-21 14:30:51 - [MESSAGE][PASSED] - Text of object 'Object Repository/CURA/Page_AppointmentConfirmation/p_visit_date' is: '28/08/2019'&#xD;
&#xD;
2019-08-21 14:30:51 - [TEST_STEP][PASSED] - verifyMatch(visitDateStr2, "[0-9]{2}/[0-9]{2}/[0-9]{4}", true, CONTINUE_ON_FAILURE): Actual text '28/08/2019' and expected text '[0-9]{2}/[0-9]{2}/[0-9]{4}' are matched  using regular expression&#xD;
&#xD;
2019-08-21 14:30:51 - [MESSAGE][PASSED] - Actual text '28/08/2019' and expected text '[0-9]{2}/[0-9]{2}/[0-9]{4}' are matched  using regular expression&#xD;
&#xD;
2019-08-21 14:30:51 - [TEST_STEP][PASSED] - parsed = ofPattern("dd/MM/uuuu").parse(visitDateStr2): null&#xD;
&#xD;
2019-08-21 14:30:51 - [TEST_STEP][PASSED] - visitDate2 = from(parsed).atStartOfDay(): null&#xD;
&#xD;
2019-08-21 14:30:51 - [TEST_STEP][PASSED] - isAfterNow = visitDate2.isAfter(LocalDateTime.now()): null&#xD;
&#xD;
2019-08-21 14:30:51 - [TEST_STEP][PASSED] - verifyEqual(isAfterNow, true, CONTINUE_ON_FAILURE): Actual object 'true' and expected object 'true' are equal&#xD;
&#xD;
2019-08-21 14:30:51 - [MESSAGE][PASSED] - Actual object 'true' and expected object 'true' are equal&#xD;
&#xD;
2019-08-21 14:30:51 - [TEST_STEP][PASSED] - comment = getText(findTestObject("CURA/Page_AppointmentConfirmation/p_comment")): Text of object 'Object Repository/CURA/Page_AppointmentConfirmation/p_comment' is: 'This is a comment'&#xD;
&#xD;
2019-08-21 14:30:51 - [MESSAGE][PASSED] - Text of object 'Object Repository/CURA/Page_AppointmentConfirmation/p_comment' is: 'This is a comment'&#xD;
&#xD;
2019-08-21 14:30:51 - [TEST_STEP][PASSED] - if (comment != null): Actual number '17' is less than expected number '400'&#xD;
&#xD;
2019-08-21 14:30:51 - [TEST_STEP][PASSED] - verifyLessThan(comment.length(), 400): Actual number '17' is less than expected number '400'&#xD;
&#xD;
2019-08-21 14:30:51 - [MESSAGE][PASSED] - Actual number '17' is less than expected number '400'&#xD;
&#xD;
2019-08-21 14:30:51 - [TEST_STEP][PASSED] - png4 = mr.resolveScreenshotPathByURLPathComponents(internal.GlobalVariable[CURRENT_TESTCASE_ID.getName()], new java.net.URL(com.kms.katalon.core.webui.keyword.WebUiBuiltInKeywords.getUrl()), 0): Current window's url is: 'https://katalon-demo-cura.herokuapp.com/appointment.php#summary'&#xD;
&#xD;
2019-08-21 14:30:51 - [MESSAGE][PASSED] - Current window's url is: 'https://katalon-demo-cura.herokuapp.com/appointment.php#summary'&#xD;
&#xD;
2019-08-21 14:30:52 - [TEST_STEP][PASSED] - com.kazurayam.ksbackyard.ScreenshotDriver.takeEntirePage(driver, png4.toFile(), 500): com.kazurayam.ksbackyard.ScreenshotDriver.takeEntirePage is PASSED&#xD;
&#xD;
2019-08-21 14:30:54 - [MESSAGE][PASSED] - com.kazurayam.ksbackyard.ScreenshotDriver.takeEntirePage is PASSED&#xD;
&#xD;
2019-08-21 14:30:54 - [TEST_STEP][PASSED] - comment(saved image into $png4): saved image into C:\Users\qcq0264\katalon-workspace\VisualTestingInKatalonStudio\Materials\CURA.chronos_capture\20190821_143011\CURA.visitSite\appointment.php%23summary.png&#xD;
&#xD;
2019-08-21 14:30:54 - [MESSAGE][INFO] - saved image into C:\Users\qcq0264\katalon-workspace\VisualTestingInKatalonStudio\Materials\CURA.chronos_capture\20190821_143011\CURA.visitSite\appointment.php%23summary.png&#xD;
&#xD;
2019-08-21 14:30:54 - [TEST_STEP][PASSED] - click(findTestObject("CURA/Page_AppointmentConfirmation/a_Go to Homepage")): Object: 'Object Repository/CURA/Page_AppointmentConfirmation/a_Go to Homepage' is clicked on&#xD;
&#xD;
2019-08-21 14:30:55 - [MESSAGE][PASSED] - Object: 'Object Repository/CURA/Page_AppointmentConfirmation/a_Go to Homepage' is clicked on&#xD;
&#xD;
2019-08-21 14:30:55 - [TEST_STEP][PASSED] - verifyElementPresent(findTestObject("CURA/Page_Homepage/a_Make Appointment"), 10, STOP_ON_FAILURE): Object 'Object Repository/CURA/Page_Homepage/a_Make Appointment' is present&#xD;
&#xD;
2019-08-21 14:30:55 - [MESSAGE][PASSED] - Object 'Object Repository/CURA/Page_Homepage/a_Make Appointment' is present&#xD;
&#xD;
2019-08-21 14:30:55 - [TEST_STEP][PASSED] - png5 = mr.resolveScreenshotPathByURLPathComponents(internal.GlobalVariable[CURRENT_TESTCASE_ID.getName()], new java.net.URL(com.kms.katalon.core.webui.keyword.WebUiBuiltInKeywords.getUrl()), 0, "revisited"): Current window's url is: 'https://katalon-demo-cura.herokuapp.com/'&#xD;
&#xD;
2019-08-21 14:30:55 - [MESSAGE][PASSED] - Current window's url is: 'https://katalon-demo-cura.herokuapp.com/'&#xD;
&#xD;
2019-08-21 14:30:55 - [TEST_STEP][PASSED] - com.kazurayam.ksbackyard.ScreenshotDriver.takeEntirePage(driver, png5.toFile(), 500): com.kazurayam.ksbackyard.ScreenshotDriver.takeEntirePage is PASSED&#xD;
&#xD;
2019-08-21 14:30:58 - [MESSAGE][PASSED] - com.kazurayam.ksbackyard.ScreenshotDriver.takeEntirePage is PASSED&#xD;
&#xD;
2019-08-21 14:30:58 - [TEST_STEP][PASSED] - comment(saved image into $png5): saved image into C:\Users\qcq0264\katalon-workspace\VisualTestingInKatalonStudio\Materials\CURA.chronos_capture\20190821_143011\CURA.visitSite\revisited.png&#xD;
&#xD;
2019-08-21 14:30:58 - [MESSAGE][INFO] - saved image into C:\Users\qcq0264\katalon-workspace\VisualTestingInKatalonStudio\Materials\CURA.chronos_capture\20190821_143011\CURA.visitSite\revisited.png&#xD;
&#xD;
2019-08-21 14:30:58 - [TEST_STEP][PASSED] - closeBrowser(): Browser is closed&#xD;
&#xD;
2019-08-21 14:31:00 - [MESSAGE][PASSED] - Browser is closed</system-out>
            <system-err></system-err>
        </testcase>
        <testcase name="Test Cases/VT/backupCurrentTSuiteResult" classname="Test Cases/VT/backupCurrentTSuiteResult" status="PASSED">
            <system-out>2019-08-21 14:31:00 - [TEST_CASE][PASSED] - Test Cases/VT/backupCurrentTSuiteResult: Test Cases/VT/backupCurrentTSuiteResult&#xD;
&#xD;
2019-08-21 14:31:00 - [TEST_STEP][PASSED] - Start listener action : beforeTestCase: VisualTestingListenerImpl#beforeTestCase GlobalVariable.VT_REPORTS_ACCESSOR is located at "C:\Users\qcq0264\katalon-workspace\VisualTestingInKatalonStudio\Reports"&#xD;
&#xD;
2019-08-21 14:31:00 - [TEST_STEP][PASSED] - listener.beforeTestCase(testCaseContext): VisualTestingListenerImpl#beforeTestCase GlobalVariable.VT_REPORTS_ACCESSOR is located at "C:\Users\qcq0264\katalon-workspace\VisualTestingInKatalonStudio\Reports"&#xD;
&#xD;
2019-08-21 14:31:00 - [MESSAGE][INFO] - VisualTestingListenerImpl#beforeTestCase GlobalVariable.VT_CURRENT_TESTSUITE_ID is "Test Suites/CURA/chronos_capture"&#xD;
&#xD;
2019-08-21 14:31:00 - [MESSAGE][INFO] - VisualTestingListenerImpl#beforeTestCase GlobalVariable.VT_CURRENT_TESTSUITE_TIMESTAMP is "20190821_143011"&#xD;
&#xD;
2019-08-21 14:31:00 - [MESSAGE][INFO] - VisualTestingListenerImpl#beforeTestCase GlobalVariable.VT_CURRENT_TESTCASE_ID is "Test Cases/VT/backupCurrentTSuiteResult"&#xD;
&#xD;
2019-08-21 14:31:00 - [MESSAGE][INFO] - VisualTestingListenerImpl#beforeTestCase GlobalVariable.VT_MATERIAL_REPOSITORY is located at "C:\Users\qcq0264\katalon-workspace\VisualTestingInKatalonStudio\Materials"&#xD;
&#xD;
2019-08-21 14:31:00 - [MESSAGE][INFO] - VisualTestingListenerImpl#beforeTestCase GlobalVariable.VT_MATERIAL_STORAGE is located at "C:\Users\qcq0264\katalon-workspace\VisualTestingInKatalonStudio\Storage"&#xD;
&#xD;
2019-08-21 14:31:00 - [MESSAGE][INFO] - VisualTestingListenerImpl#beforeTestCase GlobalVariable.VT_REPORTS_ACCESSOR is located at "C:\Users\qcq0264\katalon-workspace\VisualTestingInKatalonStudio\Reports"&#xD;
&#xD;
2019-08-21 14:31:01 - [TEST_STEP][PASSED] - mr = internal.GlobalVariable[MATERIAL_REPOSITORY.getName()]: null&#xD;
&#xD;
2019-08-21 14:31:01 - [TEST_STEP][PASSED] - ms = internal.GlobalVariable[MATERIAL_STORAGE.getName()]: null&#xD;
&#xD;
2019-08-21 14:31:01 - [TEST_STEP][PASSED] - comment(mr.getCurrentTestSuiteId(): $mr.getCurrentTestSuiteId()): mr.getCurrentTestSuiteId(): Test Suites/CURA/chronos_capture&#xD;
&#xD;
2019-08-21 14:31:01 - [MESSAGE][INFO] - mr.getCurrentTestSuiteId(): Test Suites/CURA/chronos_capture&#xD;
&#xD;
2019-08-21 14:31:01 - [TEST_STEP][PASSED] - currentTSRI = TSuiteResultId.newInstance(new com.kazurayam.materials.TSuiteName(mr.getCurrentTestSuiteId()), TSuiteTimestamp.newInstance(mr.getCurrentTestSuiteTimestamp())): null&#xD;
&#xD;
2019-08-21 14:31:01 - [TEST_STEP][PASSED] - count = ms.backup(mr, currentTSRI): null&#xD;
&#xD;
2019-08-21 14:31:01 - [TEST_STEP][PASSED] - comment(copied $count files of $currentTSRI from $mr.getBaseDir().toString() to $ms.getBaseDir().toString()): copied 5 files of 'CURA.chronos_capture/20190821_143011' from C:\Users\qcq0264\katalon-workspace\VisualTestingInKatalonStudio\Materials to C:\Users\qcq0264\katalon-workspace\VisualTestingInKatalonStudio\Storage&#xD;
&#xD;
2019-08-21 14:31:01 - [MESSAGE][INFO] - copied 5 files of 'CURA.chronos_capture/20190821_143011' from C:\Users\qcq0264\katalon-workspace\VisualTestingInKatalonStudio\Materials to C:\Users\qcq0264\katalon-workspace\VisualTestingInKatalonStudio\Storage</system-out>
            <system-err></system-err>
        </testcase>
        <system-out>2019-08-21 14:30:22 - [TEST_SUITE][INCOMPLETE] - chronos_capture: null</system-out>
        <system-err>2019-08-21 14:30:22 - [TEST_SUITE][INCOMPLETE] - chronos_capture: null</system-err>
    </testsuite>
</testsuites>
